{"meta": {"format": 3, "version": "7.11.0", "timestamp": "2025-10-20T16:36:58.506299", "branch_coverage": true, "show_contexts": false}, "files": {"src/__init__.py": {"executed_lines": [], "summary": {"covered_lines": 0, "num_statements": 1, "percent_covered": 0.0, "percent_covered_display": "0.00", "missing_lines": 1, "excluded_lines": 0, "num_branches": 0, "num_partial_branches": 0, "covered_branches": 0, "missing_branches": 0}, "missing_lines": [12], "excluded_lines": [], "executed_branches": [], "missing_branches": [], "functions": {"": {"executed_lines": [], "summary": {"covered_lines": 0, "num_statements": 1, "percent_covered": 0.0, "percent_covered_display": "0.00", "missing_lines": 1, "excluded_lines": 0, "num_branches": 0, "num_partial_branches": 0, "covered_branches": 0, "missing_branches": 0}, "missing_lines": [12], "excluded_lines": [], "executed_branches": [], "missing_branches": []}}, "classes": {"": {"executed_lines": [], "summary": {"covered_lines": 0, "num_statements": 1, "percent_covered": 0.0, "percent_covered_display": "0.00", "missing_lines": 1, "excluded_lines": 0, "num_branches": 0, "num_partial_branches": 0, "covered_branches": 0, "missing_branches": 0}, "missing_lines": [12], "excluded_lines": [], "executed_branches": [], "missing_branches": []}}}, "src/auto_remediation/__init__.py": {"executed_lines": [], "summary": {"covered_lines": 0, "num_statements": 2, "percent_covered": 0.0, "percent_covered_display": "0.00", "missing_lines": 2, "excluded_lines": 0, "num_branches": 0, "num_partial_branches": 0, "covered_branches": 0, "missing_branches": 0}, "missing_lines": [7, 9], "excluded_lines": [], "executed_branches": [], "missing_branches": [], "functions": {"": {"executed_lines": [], "summary": {"covered_lines": 0, "num_statements": 2, "percent_covered": 0.0, "percent_covered_display": "0.00", "missing_lines": 2, "excluded_lines": 0, "num_branches": 0, "num_partial_branches": 0, "covered_branches": 0, "missing_branches": 0}, "missing_lines": [7, 9], "excluded_lines": [], "executed_branches": [], "missing_branches": []}}, "classes": {"": {"executed_lines": [], "summary": {"covered_lines": 0, "num_statements": 2, "percent_covered": 0.0, "percent_covered_display": "0.00", "missing_lines": 2, "excluded_lines": 0, "num_branches": 0, "num_partial_branches": 0, "covered_branches": 0, "missing_branches": 0}, "missing_lines": [7, 9], "excluded_lines": [], "executed_branches": [], "missing_branches": []}}}, "src/auto_remediation/remediation.py": {"executed_lines": [], "summary": {"covered_lines": 0, "num_statements": 1281, "percent_covered": 0.0, "percent_covered_display": "0.00", "missing_lines": 1281, "excluded_lines": 0, "num_branches": 540, "num_partial_branches": 0, "covered_branches": 0, "missing_branches": 540}, "missing_lines": [7, 8, 9, 10, 11, 12, 13, 14, 15, 16, 17, 18, 21, 23, 25, 41, 42, 45, 46, 50, 52, 53, 56, 61, 62, 63, 65, 67, 86, 87, 90, 91, 94, 96, 97, 98, 101, 103, 104, 107, 112, 113, 114, 116, 118, 128, 129, 132, 133, 136, 141, 142, 143, 145, 147, 157, 158, 161, 162, 166, 169, 171, 173, 183, 184, 187, 188, 191, 193, 194, 196, 198, 209, 211, 212, 213, 216, 217, 218, 219, 222, 223, 224, 227, 228, 229, 232, 233, 234, 235, 236, 237, 240, 241, 242, 245, 246, 247, 250, 251, 252, 255, 256, 257, 259, 261, 262, 263, 265, 267, 269, 270, 271, 274, 281, 283, 284, 286, 287, 289, 291, 292, 293, 295, 306, 307, 310, 311, 312, 314, 315, 318, 319, 320, 322, 324, 325, 326, 328, 331, 332, 333, 334, 335, 336, 338, 339, 340, 341, 342, 343, 344, 345, 346, 347, 348, 349, 350, 352, 353, 354, 357, 358, 359, 361, 362, 364, 365, 367, 369, 370, 376, 377, 378, 382, 384, 385, 386, 390, 391, 394, 395, 397, 399, 401, 402, 405, 413, 415, 420, 421, 423, 424, 425, 427, 428, 429, 431, 432, 433, 434, 435, 436, 437, 438, 439, 440, 441, 442, 443, 444, 445, 446, 447, 449, 450, 452, 455, 456, 457, 459, 465, 466, 467, 473, 474, 475, 481, 482, 484, 491, 492, 496, 497, 498, 499, 500, 501, 502, 503, 506, 507, 508, 509, 510, 511, 512, 513, 514, 515, 516, 519, 520, 521, 522, 524, 527, 528, 531, 532, 533, 536, 541, 542, 543, 544, 547, 548, 549, 550, 553, 589, 590, 591, 592, 594, 595, 596, 598, 600, 601, 603, 604, 605, 608, 609, 610, 612, 613, 614, 617, 618, 619, 620, 623, 624, 626, 627, 630, 632, 633, 634, 640, 641, 642, 643, 649, 650, 651, 652, 659, 661, 663, 664, 668, 669, 670, 671, 672, 673, 674, 675, 678, 679, 680, 681, 682, 683, 684, 685, 686, 687, 688, 689, 690, 691, 692, 693, 694, 695, 696, 697, 698, 699, 700, 701, 702, 703, 704, 706, 707, 708, 709, 710, 712, 714, 716, 717, 718, 720, 729, 730, 731, 733, 734, 761, 762, 790, 792, 793, 795, 796, 797, 798, 799, 800, 802, 803, 804, 806, 808, 809, 810, 811, 812, 815, 816, 817, 819, 820, 822, 824, 825, 826, 827, 829, 831, 833, 834, 835, 836, 838, 841, 842, 843, 844, 846, 848, 849, 850, 853, 854, 857, 858, 861, 862, 864, 865, 867, 868, 870, 871, 872, 874, 876, 878, 879, 880, 883, 884, 887, 895, 902, 903, 905, 906, 907, 909, 911, 913, 921, 922, 923, 925, 927, 928, 929, 930, 933, 940, 941, 943, 944, 945, 947, 950, 951, 952, 953, 954, 955, 958, 959, 960, 961, 964, 965, 966, 967, 968, 969, 970, 973, 987, 988, 989, 990, 991, 993, 999, 1000, 1001, 1002, 1003, 1005, 1006, 1008, 1009, 1010, 1011, 1012, 1013, 1015, 1016, 1018, 1019, 1020, 1022, 1023, 1024, 1025, 1026, 1027, 1028, 1029, 1030, 1031, 1032, 1034, 1035, 1036, 1038, 1039, 1042, 1043, 1044, 1046, 1048, 1049, 1051, 1054, 1078, 1080, 1082, 1083, 1086, 1087, 1088, 1091, 1092, 1093, 1095, 1097, 1098, 1099, 1102, 1103, 1104, 1105, 1108, 1109, 1110, 1111, 1112, 1113, 1114, 1115, 1116, 1117, 1118, 1121, 1122, 1123, 1124, 1126, 1128, 1129, 1132, 1133, 1134, 1135, 1138, 1139, 1142, 1143, 1144, 1147, 1150, 1152, 1153, 1155, 1156, 1159, 1160, 1162, 1163, 1164, 1166, 1167, 1168, 1169, 1171, 1172, 1174, 1176, 1178, 1180, 1188, 1189, 1190, 1192, 1193, 1200, 1201, 1202, 1203, 1204, 1206, 1207, 1208, 1210, 1214, 1215, 1218, 1219, 1221, 1223, 1231, 1234, 1236, 1237, 1239, 1241, 1245, 1246, 1247, 1249, 1250, 1251, 1253, 1254, 1255, 1256, 1257, 1258, 1259, 1261, 1262, 1263, 1264, 1265, 1267, 1268, 1269, 1271, 1273, 1276, 1277, 1280, 1303, 1304, 1316, 1317, 1318, 1320, 1322, 1323, 1324, 1325, 1327, 1329, 1331, 1332, 1333, 1335, 1336, 1337, 1338, 1339, 1340, 1341, 1343, 1344, 1346, 1347, 1348, 1350, 1352, 1354, 1355, 1357, 1372, 1373, 1374, 1375, 1380, 1381, 1383, 1386, 1387, 1389, 1390, 1391, 1392, 1395, 1396, 1397, 1398, 1399, 1400, 1403, 1404, 1406, 1407, 1408, 1409, 1412, 1413, 1414, 1415, 1417, 1418, 1419, 1420, 1421, 1422, 1423, 1425, 1426, 1430, 1432, 1433, 1434, 1435, 1437, 1440, 1441, 1443, 1444, 1451, 1452, 1453, 1454, 1455, 1456, 1457, 1458, 1459, 1462, 1463, 1464, 1465, 1468, 1469, 1470, 1476, 1482, 1483, 1484, 1485, 1486, 1488, 1490, 1493, 1494, 1497, 1498, 1499, 1502, 1503, 1515, 1517, 1519, 1521, 1522, 1523, 1525, 1526, 1527, 1529, 1530, 1531, 1533, 1534, 1536, 1537, 1540, 1542, 1543, 1544, 1545, 1547, 1548, 1549, 1550, 1552, 1553, 1555, 1556, 1557, 1559, 1561, 1563, 1564, 1565, 1567, 1568, 1569, 1571, 1572, 1573, 1575, 1576, 1578, 1580, 1581, 1582, 1584, 1585, 1586, 1588, 1590, 1591, 1592, 1594, 1596, 1597, 1598, 1601, 1602, 1603, 1605, 1606, 1607, 1608, 1615, 1616, 1618, 1620, 1621, 1622, 1629, 1630, 1632, 1634, 1635, 1636, 1637, 1638, 1639, 1641, 1643, 1644, 1646, 1647, 1648, 1650, 1652, 1653, 1654, 1655, 1656, 1657, 1658, 1660, 1661, 1662, 1663, 1666, 1667, 1668, 1669, 1670, 1673, 1674, 1675, 1676, 1677, 1678, 1680, 1681, 1682, 1684, 1685, 1686, 1687, 1688, 1689, 1690, 1691, 1692, 1693, 1694, 1695, 1698, 1699, 1700, 1701, 1704, 1705, 1706, 1708, 1710, 1711, 1713, 1723, 1724, 1725, 1726, 1727, 1728, 1729, 1731, 1732, 1734, 1735, 1736, 1737, 1738, 1739, 1740, 1741, 1742, 1743, 1745, 1747, 1749, 1750, 1751, 1753, 1754, 1757, 1765, 1772, 1773, 1775, 1776, 1777, 1779, 1781, 1782, 1789, 1790, 1793, 1794, 1795, 1797, 1798, 1799, 1800, 1801, 1803, 1804, 1806, 1807, 1808, 1809, 1812, 1813, 1821, 1822, 1824, 1825, 1826, 1827, 1828, 1829, 1830, 1832, 1834, 1835, 1848, 1849, 1851, 1852, 1853, 1854, 1857, 1858, 1859, 1860, 1861, 1862, 1865, 1867, 1868, 1869, 1870, 1871, 1873, 1875, 1876, 1879, 1880, 1883, 1884, 1885, 1888, 1889, 1891, 1892, 1899, 1900, 1903, 1904, 1905, 1906, 1907, 1908, 1909, 1910, 1911, 1913, 1915, 1917, 1919, 1920, 1923, 1925, 1926, 1929, 1930, 1931, 1932, 1933, 1934, 1935, 1937, 1938, 1941, 1942, 1943, 1944, 1945, 1947, 1948, 1949, 1952, 1953, 1954, 1956, 1958, 1960, 1962, 1965, 1966, 1968, 1978, 1979, 1980, 1981, 1982, 1983, 1985, 2003, 2006, 2018, 2019, 2020, 2022, 2023, 2024, 2026, 2028, 2030, 2031, 2032, 2034, 2035, 2036, 2038, 2039, 2040, 2042, 2045, 2048, 2050, 2054, 2055, 2056, 2058, 2059, 2061, 2062, 2063, 2065, 2067, 2069, 2070, 2071, 2073, 2074, 2075, 2077, 2078, 2079, 2081, 2082, 2084, 2085, 2086, 2088, 2089, 2090, 2091, 2092, 2093, 2094, 2096, 2097, 2098, 2099, 2100, 2102, 2104, 2105, 2106, 2108, 2109, 2110, 2111, 2113, 2114, 2116, 2117, 2118, 2120, 2122, 2124, 2125, 2126, 2128, 2129, 2130, 2132, 2133, 2134, 2136, 2137, 2139, 2140, 2141, 2142, 2145, 2146, 2147, 2149, 2151, 2152, 2153, 2155, 2156, 2157, 2158, 2159, 2161, 2162, 2164, 2165, 2166, 2168, 2170, 2172, 2173, 2174, 2176, 2177, 2178, 2180, 2181, 2182, 2184, 2186, 2187, 2190, 2191, 2192, 2193, 2194, 2196, 2197, 2199, 2200, 2202, 2203, 2204, 2205, 2207, 2208, 2209, 2210, 2211, 2212, 2213, 2215, 2216, 2217, 2219, 2220, 2222, 2223, 2224, 2226, 2228, 2230, 2231, 2232, 2234, 2235, 2236, 2238, 2239, 2240, 2242, 2243, 2245, 2246, 2248, 2249, 2250, 2252, 2255, 2256, 2258, 2259, 2260, 2261, 2263, 2264, 2265, 2266, 2267, 2269, 2270, 2272, 2273, 2274, 2275, 2277, 2278, 2280, 2281, 2282, 2286, 2295, 2297, 2299, 2301, 2303, 2304, 2305, 2306, 2309, 2311, 2312, 2313, 2314, 2315, 2317, 2318, 2319, 2322, 2323, 2325, 2326, 2327, 2328, 2330, 2331, 2332, 2334, 2335, 2337, 2338, 2341, 2342, 2344, 2345, 2346, 2347, 2348, 2349, 2350, 2351, 2353, 2354, 2355, 2357, 2358, 2359, 2360, 2361, 2363, 2364, 2366, 2367, 2369, 2370, 2371, 2372, 2374], "excluded_lines": [], "executed_branches": [], "missing_branches": [[41, 42], [41, 45], [45, 46], [45, 50], [52, 53], [52, 56], [61, 62], [61, 65], [62, 61], [62, 63], [86, 87], [86, 90], [90, 91], [90, 94], [96, 97], [96, 116], [97, 98], [97, 101], [103, 104], [103, 107], [112, 96], [112, 113], [113, 112], [113, 114], [128, 129], [128, 132], [132, 133], [132, 136], [141, 142], [141, 145], [142, 141], [142, 143], [157, 158], [157, 161], [161, 162], [161, 166], [183, 184], [183, 187], [187, 188], [187, 191], [193, 194], [193, 196], [211, 212], [211, 216], [217, 218], [217, 222], [222, 223], [222, 227], [227, 228], [227, 240], [245, 246], [245, 250], [250, 251], [250, 255], [255, 256], [255, 259], [269, 270], [269, 274], [281, 283], [281, 289], [286, 287], [286, 289], [310, 311], [310, 314], [318, 319], [318, 322], [338, 339], [338, 344], [340, -331], [340, 341], [341, 342], [341, 343], [344, 345], [344, 350], [346, -331], [346, 347], [347, 348], [347, 349], [350, 352], [350, 397], [357, 358], [357, 361], [361, 362], [361, 364], [364, 365], [364, 367], [382, 384], [382, 391], [385, 386], [385, 390], [394, -331], [394, 395], [431, 432], [431, 435], [435, 436], [435, 438], [438, 439], [438, 442], [442, 443], [442, 449], [466, 467], [466, 474], [474, 475], [474, 482], [482, -452], [482, 484], [506, 507], [506, 510], [510, 511], [510, 513], [513, 514], [513, 519], [527, 528], [527, 531], [541, 542], [541, 547], [542, 541], [542, 543], [547, 548], [547, 553], [548, 547], [548, 549], [589, 590], [589, 594], [590, 589], [590, 591], [609, 610], [609, 612], [613, 614], [613, 617], [618, 619], [618, 623], [632, 633], [632, 641], [641, 642], [641, 650], [650, 651], [650, 714], [678, 679], [678, 682], [682, 683], [682, 688], [688, 689], [688, 694], [694, 695], [694, 702], [702, 703], [702, 706], [717, 718], [717, 720], [792, 793], [792, 795], [796, 797], [796, 802], [798, 799], [798, 800], [802, 803], [802, 806], [806, 808], [806, 822], [815, 816], [815, 819], [824, 825], [824, 829], [841, 842], [841, 846], [842, 841], [842, 843], [848, 849], [848, 853], [857, 858], [857, 867], [879, 880], [879, 883], [925, 927], [925, 933], [951, 952], [951, 958], [953, 954], [953, 955], [965, 966], [965, 967], [967, 968], [967, 969], [969, 970], [969, 973], [987, 988], [987, 993], [1000, 1001], [1000, 1005], [1006, 1008], [1006, 1022], [1008, 1009], [1008, 1011], [1011, 1012], [1011, 1015], [1019, 1006], [1019, 1020], [1022, 1023], [1022, 1051], [1023, 1024], [1023, 1048], [1025, 1026], [1025, 1029], [1029, 1030], [1029, 1034], [1043, 1044], [1043, 1046], [1048, 1049], [1048, 1054], [1082, 1083], [1082, 1086], [1095, 1097], [1095, 1121], [1098, 1099], [1098, 1102], [1103, 1104], [1103, 1108], [1109, 1110], [1109, 1111], [1111, 1112], [1111, 1113], [1113, 1114], [1113, 1115], [1115, 1116], [1115, 1117], [1117, 1095], [1117, 1118], [1126, 1128], [1126, 1147], [1128, 1129], [1128, 1132], [1132, 1133], [1132, 1138], [1133, 1134], [1133, 1138], [1134, 1133], [1134, 1135], [1138, 1139], [1138, 1142], [1142, 1126], [1142, 1143], [1143, 1126], [1143, 1144], [1152, 1153], [1152, 1155], [1155, 1156], [1155, 1159], [1159, 1160], [1159, 1162], [1162, 1163], [1162, 1166], [1166, 1167], [1166, 1171], [1168, 1169], [1168, 1171], [1171, 1172], [1171, 1174], [1201, 1202], [1201, 1203], [1203, 1204], [1203, 1206], [1214, 1215], [1214, 1218], [1234, 1236], [1234, 1343], [1236, 1237], [1236, 1239], [1245, 1246], [1245, 1273], [1249, 1250], [1249, 1251], [1251, 1253], [1251, 1268], [1254, 1255], [1254, 1261], [1256, 1254], [1256, 1257], [1258, 1254], [1258, 1259], [1262, 1263], [1262, 1267], [1268, 1269], [1268, 1271], [1276, 1277], [1276, 1280], [1323, 1324], [1323, 1329], [1324, 1325], [1324, 1327], [1332, 1333], [1332, 1335], [1354, 1355], [1354, 1357], [1373, 1374], [1373, 1383], [1380, 1373], [1380, 1381], [1389, 1390], [1389, 1395], [1406, 1407], [1406, 1437], [1412, 1413], [1412, 1417], [1418, 1419], [1418, 1430], [1420, 1421], [1420, 1425], [1440, 1441], [1440, 1468], [1441, 1443], [1441, 1488], [1493, 1494], [1493, 1497], [1498, 1499], [1498, 1502], [1521, 1522], [1521, 1525], [1525, 1526], [1525, 1529], [1529, 1530], [1529, 1533], [1537, 1540], [1537, 1547], [1540, 1537], [1540, 1542], [1547, 1548], [1547, 1552], [1563, 1564], [1563, 1567], [1567, 1568], [1567, 1571], [1571, 1572], [1571, 1575], [1580, 1581], [1580, 1594], [1581, 1580], [1581, 1582], [1584, 1585], [1584, 1588], [1594, 1596], [1594, 1643], [1606, 1607], [1606, 1620], [1615, 1616], [1615, 1618], [1620, 1621], [1620, 1641], [1629, 1630], [1629, 1632], [1661, 1662], [1661, 1666], [1674, 1675], [1674, 1676], [1676, 1677], [1676, 1678], [1678, 1680], [1678, 1686], [1681, 1682], [1681, 1684], [1686, 1687], [1686, 1688], [1688, 1689], [1688, 1690], [1690, 1691], [1690, 1692], [1692, 1693], [1692, 1694], [1694, 1695], [1694, 1698], [1699, 1700], [1699, 1704], [1704, 1705], [1704, 1706], [1708, 1710], [1708, 1723], [1710, 1711], [1710, 1713], [1723, 1724], [1723, 1729], [1734, 1735], [1734, 1743], [1750, 1751], [1750, 1753], [1793, 1794], [1793, 1803], [1795, 1797], [1795, 1801], [1799, 1795], [1799, 1800], [1804, 1806], [1804, 1812], [1808, 1804], [1808, 1809], [1826, 1827], [1826, 1828], [1828, 1829], [1828, 1830], [1851, 1852], [1851, 1857], [1867, 1868], [1867, 1875], [1869, 1870], [1869, 1873], [1879, 1880], [1879, 1883], [1883, 1884], [1883, 1888], [1888, 1889], [1888, 1913], [1889, 1891], [1889, 1915], [1923, 1925], [1923, 1962], [1930, 1931], [1930, 1937], [1932, 1930], [1932, 1933], [1934, 1930], [1934, 1935], [1942, 1943], [1942, 1948], [1944, 1945], [1944, 1947], [1948, 1949], [1948, 1952], [1952, 1953], [1952, 1960], [1953, 1954], [1953, 1956], [1978, 1979], [1978, 1985], [2030, 2031], [2030, 2034], [2034, 2035], [2034, 2038], [2038, 2039], [2038, 2042], [2054, 2055], [2054, 2058], [2069, 2070], [2069, 2073], [2073, 2074], [2073, 2077], [2077, 2078], [2077, 2081], [2088, 2089], [2088, 2108], [2089, 2090], [2089, 2092], [2092, 2093], [2092, 2096], [2096, 2088], [2096, 2097], [2097, 2088], [2097, 2098], [2098, 2099], [2098, 2102], [2108, 2109], [2108, 2113], [2124, 2125], [2124, 2128], [2128, 2129], [2128, 2132], [2132, 2133], [2132, 2136], [2140, 2141], [2140, 2155], [2141, 2140], [2141, 2142], [2145, 2146], [2145, 2149], [2155, 2156], [2155, 2161], [2172, 2173], [2172, 2176], [2176, 2177], [2176, 2180], [2180, 2181], [2180, 2184], [2191, 2192], [2191, 2196], [2202, 2203], [2202, 2215], [2207, 2202], [2207, 2208], [2209, 2202], [2209, 2210], [2215, 2216], [2215, 2219], [2230, 2231], [2230, 2234], [2234, 2235], [2234, 2238], [2238, 2239], [2238, 2242], [2248, 2249], [2248, 2272], [2249, 2250], [2249, 2252], [2252, 2248], [2252, 2255], [2255, 2256], [2255, 2269], [2256, 2255], [2256, 2258], [2259, 2255], [2259, 2260], [2263, 2255], [2263, 2264], [2269, 2248], [2269, 2270], [2272, 2273], [2272, 2277], [2299, 2301], [2299, 2303], [2304, 2305], [2304, 2309], [2311, 2312], [2311, 2353], [2317, 2318], [2317, 2337], [2325, 2326], [2325, 2330], [2330, 2331], [2330, 2334], [2334, 2335], [2334, 2374], [2344, 2345], [2344, 2374], [2346, 2347], [2346, 2348], [2348, 2349], [2348, 2374], [2353, 2354], [2353, 2366], [2357, 2358], [2357, 2363], [2360, 2361], [2360, 2374]], "functions": {"validate_package_name": {"executed_lines": [], "summary": {"covered_lines": 0, "num_statements": 12, "percent_covered": 0.0, "percent_covered_display": "0.00", "missing_lines": 12, "excluded_lines": 0, "num_branches": 10, "num_partial_branches": 0, "covered_branches": 0, "missing_branches": 10}, "missing_lines": [41, 42, 45, 46, 50, 52, 53, 56, 61, 62, 63, 65], "excluded_lines": [], "executed_branches": [], "missing_branches": [[41, 42], [41, 45], [45, 46], [45, 50], [52, 53], [52, 56], [61, 62], [61, 65], [62, 61], [62, 63]]}, "validate_version_string": {"executed_lines": [], "summary": {"covered_lines": 0, "num_statements": 16, "percent_covered": 0.0, "percent_covered_display": "0.00", "missing_lines": 16, "excluded_lines": 0, "num_branches": 14, "num_partial_branches": 0, "covered_branches": 0, "missing_branches": 14}, "missing_lines": [86, 87, 90, 91, 94, 96, 97, 98, 101, 103, 104, 107, 112, 113, 114, 116], "excluded_lines": [], "executed_branches": [], "missing_branches": [[86, 87], [86, 90], [90, 91], [90, 94], [96, 97], [96, 116], [97, 98], [97, 101], [103, 104], [103, 107], [112, 96], [112, 113], [113, 112], [113, 114]]}, "validate_file_path": {"executed_lines": [], "summary": {"covered_lines": 0, "num_statements": 9, "percent_covered": 0.0, "percent_covered_display": "0.00", "missing_lines": 9, "excluded_lines": 0, "num_branches": 8, "num_partial_branches": 0, "covered_branches": 0, "missing_branches": 8}, "missing_lines": [128, 129, 132, 133, 136, 141, 142, 143, 145], "excluded_lines": [], "executed_branches": [], "missing_branches": [[128, 129], [128, 132], [132, 133], [132, 136], [141, 142], [141, 145], [142, 141], [142, 143]]}, "sanitize_git_message": {"executed_lines": [], "summary": {"covered_lines": 0, "num_statements": 7, "percent_covered": 0.0, "percent_covered_display": "0.00", "missing_lines": 7, "excluded_lines": 0, "num_branches": 4, "num_partial_branches": 0, "covered_branches": 0, "missing_branches": 4}, "missing_lines": [157, 158, 161, 162, 166, 169, 171], "excluded_lines": [], "executed_branches": [], "missing_branches": [[157, 158], [157, 161], [161, 162], [161, 166]]}, "validate_vulnerability_type": {"executed_lines": [], "summary": {"covered_lines": 0, "num_statements": 8, "percent_covered": 0.0, "percent_covered_display": "0.00", "missing_lines": 8, "excluded_lines": 0, "num_branches": 6, "num_partial_branches": 0, "covered_branches": 0, "missing_branches": 6}, "missing_lines": [183, 184, 187, 188, 191, 193, 194, 196], "excluded_lines": [], "executed_branches": [], "missing_branches": [[183, 184], [183, 187], [187, 188], [187, 191], [193, 194], [193, 196]]}, "_secure_file_path": {"executed_lines": [], "summary": {"covered_lines": 0, "num_statements": 36, "percent_covered": 0.0, "percent_covered_display": "0.00", "missing_lines": 36, "excluded_lines": 0, "num_branches": 14, "num_partial_branches": 0, "covered_branches": 0, "missing_branches": 14}, "missing_lines": [209, 211, 212, 213, 216, 217, 218, 219, 222, 223, 224, 227, 228, 229, 232, 233, 234, 235, 236, 237, 240, 241, 242, 245, 246, 247, 250, 251, 252, 255, 256, 257, 259, 261, 262, 263], "excluded_lines": [], "executed_branches": [], "missing_branches": [[211, 212], [211, 216], [217, 218], [217, 222], [222, 223], [222, 227], [227, 228], [227, 240], [245, 246], [245, 250], [250, 251], [250, 255], [255, 256], [255, 259]]}, "_is_text_file": {"executed_lines": [], "summary": {"covered_lines": 0, "num_statements": 14, "percent_covered": 0.0, "percent_covered_display": "0.00", "missing_lines": 14, "excluded_lines": 0, "num_branches": 6, "num_partial_branches": 0, "covered_branches": 0, "missing_branches": 6}, "missing_lines": [267, 269, 270, 271, 274, 281, 283, 284, 286, 287, 289, 291, 292, 293], "excluded_lines": [], "executed_branches": [], "missing_branches": [[269, 270], [269, 274], [281, 283], [281, 289], [286, 287], [286, 289]]}, "_secure_read_file": {"executed_lines": [], "summary": {"covered_lines": 0, "num_statements": 14, "percent_covered": 0.0, "percent_covered_display": "0.00", "missing_lines": 14, "excluded_lines": 0, "num_branches": 4, "num_partial_branches": 0, "covered_branches": 0, "missing_branches": 4}, "missing_lines": [306, 307, 310, 311, 312, 314, 315, 318, 319, 320, 322, 324, 325, 326], "excluded_lines": [], "executed_branches": [], "missing_branches": [[310, 311], [310, 314], [318, 319], [318, 322]]}, "AutoRemediator.__init__": {"executed_lines": [], "summary": {"covered_lines": 0, "num_statements": 43, "percent_covered": 0.0, "percent_covered_display": "0.00", "missing_lines": 43, "excluded_lines": 0, "num_branches": 26, "num_partial_branches": 0, "covered_branches": 0, "missing_branches": 26}, "missing_lines": [332, 333, 334, 335, 336, 338, 339, 340, 341, 342, 343, 344, 345, 346, 347, 348, 349, 350, 352, 353, 354, 357, 358, 359, 361, 362, 364, 365, 367, 369, 370, 376, 377, 378, 382, 384, 385, 386, 390, 391, 394, 395, 397], "excluded_lines": [], "executed_branches": [], "missing_branches": [[338, 339], [338, 344], [340, -331], [340, 341], [341, 342], [341, 343], [344, 345], [344, 350], [346, -331], [346, 347], [347, 348], [347, 349], [350, 352], [350, 397], [357, 358], [357, 361], [361, 362], [361, 364], [364, 365], [364, 367], [382, 384], [382, 391], [385, 386], [385, 390], [394, -331], [394, 395]]}, "AutoRemediator._test_bedrock_connection": {"executed_lines": [], "summary": {"covered_lines": 0, "num_statements": 32, "percent_covered": 0.0, "percent_covered_display": "0.00", "missing_lines": 32, "excluded_lines": 0, "num_branches": 8, "num_partial_branches": 0, "covered_branches": 0, "missing_branches": 8}, "missing_lines": [401, 402, 405, 413, 415, 420, 421, 423, 424, 425, 427, 428, 429, 431, 432, 433, 434, 435, 436, 437, 438, 439, 440, 441, 442, 443, 444, 445, 446, 447, 449, 450], "excluded_lines": [], "executed_branches": [], "missing_branches": [[431, 432], [431, 435], [435, 436], [435, 438], [438, 439], [438, 442], [442, 443], [442, 449]]}, "AutoRemediator.generate_executive_summary": {"executed_lines": [], "summary": {"covered_lines": 0, "num_statements": 38, "percent_covered": 0.0, "percent_covered_display": "0.00", "missing_lines": 38, "excluded_lines": 0, "num_branches": 12, "num_partial_branches": 0, "covered_branches": 0, "missing_branches": 12}, "missing_lines": [455, 456, 457, 459, 465, 466, 467, 473, 474, 475, 481, 482, 484, 491, 492, 496, 497, 498, 499, 500, 501, 502, 503, 506, 507, 508, 509, 510, 511, 512, 513, 514, 515, 516, 519, 520, 521, 522], "excluded_lines": [], "executed_branches": [], "missing_branches": [[466, 467], [466, 474], [474, 475], [474, 482], [482, -452], [482, 484], [506, 507], [506, 510], [510, 511], [510, 513], [513, 514], [513, 519]]}, "AutoRemediator.can_remediate": {"executed_lines": [], "summary": {"covered_lines": 0, "num_statements": 22, "percent_covered": 0.0, "percent_covered_display": "0.00", "missing_lines": 22, "excluded_lines": 0, "num_branches": 14, "num_partial_branches": 0, "covered_branches": 0, "missing_branches": 14}, "missing_lines": [527, 528, 531, 532, 533, 536, 541, 542, 543, 544, 547, 548, 549, 550, 553, 589, 590, 591, 592, 594, 595, 596], "excluded_lines": [], "executed_branches": [], "missing_branches": [[527, 528], [527, 531], [541, 542], [541, 547], [542, 541], [542, 543], [547, 548], [547, 553], [548, 547], [548, 549], [589, 590], [589, 594], [590, 589], [590, 591]]}, "AutoRemediator.generate_code_fix": {"executed_lines": [], "summary": {"covered_lines": 0, "num_statements": 84, "percent_covered": 0.0, "percent_covered_display": "0.00", "missing_lines": 84, "excluded_lines": 0, "num_branches": 24, "num_partial_branches": 0, "covered_branches": 0, "missing_branches": 24}, "missing_lines": [600, 601, 603, 604, 605, 608, 609, 610, 612, 613, 614, 617, 618, 619, 620, 623, 624, 626, 627, 630, 632, 633, 634, 640, 641, 642, 643, 649, 650, 651, 652, 659, 661, 663, 664, 668, 669, 670, 671, 672, 673, 674, 675, 678, 679, 680, 681, 682, 683, 684, 685, 686, 687, 688, 689, 690, 691, 692, 693, 694, 695, 696, 697, 698, 699, 700, 701, 702, 703, 704, 706, 707, 708, 709, 710, 712, 714, 716, 717, 718, 720, 729, 730, 731], "excluded_lines": [], "executed_branches": [], "missing_branches": [[609, 610], [609, 612], [613, 614], [613, 617], [618, 619], [618, 623], [632, 633], [632, 641], [641, 642], [641, 650], [650, 651], [650, 714], [678, 679], [678, 682], [682, 683], [682, 688], [688, 689], [688, 694], [694, 695], [694, 702], [702, 703], [702, 706], [717, 718], [717, 720]]}, "AutoRemediator._get_openai_prompt": {"executed_lines": [], "summary": {"covered_lines": 0, "num_statements": 1, "percent_covered": 0.0, "percent_covered_display": "0.00", "missing_lines": 1, "excluded_lines": 0, "num_branches": 0, "num_partial_branches": 0, "covered_branches": 0, "missing_branches": 0}, "missing_lines": [734], "excluded_lines": [], "executed_branches": [], "missing_branches": []}, "AutoRemediator._get_claude_prompt": {"executed_lines": [], "summary": {"covered_lines": 0, "num_statements": 1, "percent_covered": 0.0, "percent_covered_display": "0.00", "missing_lines": 1, "excluded_lines": 0, "num_branches": 0, "num_partial_branches": 0, "covered_branches": 0, "missing_branches": 0}, "missing_lines": [762], "excluded_lines": [], "executed_branches": [], "missing_branches": []}, "AutoRemediator._sanitize_model_fix": {"executed_lines": [], "summary": {"covered_lines": 0, "num_statements": 28, "percent_covered": 0.0, "percent_covered_display": "0.00", "missing_lines": 28, "excluded_lines": 0, "num_branches": 14, "num_partial_branches": 0, "covered_branches": 0, "missing_branches": 14}, "missing_lines": [792, 793, 795, 796, 797, 798, 799, 800, 802, 803, 804, 806, 808, 809, 810, 811, 812, 815, 816, 817, 819, 820, 822, 824, 825, 826, 827, 829], "excluded_lines": [], "executed_branches": [], "missing_branches": [[792, 793], [792, 795], [796, 797], [796, 802], [798, 799], [798, 800], [802, 803], [802, 806], [806, 808], [806, 822], [815, 816], [815, 819], [824, 825], [824, 829]]}, "AutoRemediator.apply_fix": {"executed_lines": [], "summary": {"covered_lines": 0, "num_statements": 26, "percent_covered": 0.0, "percent_covered_display": "0.00", "missing_lines": 26, "excluded_lines": 0, "num_branches": 8, "num_partial_branches": 0, "covered_branches": 0, "missing_branches": 8}, "missing_lines": [833, 834, 835, 836, 838, 841, 842, 843, 844, 846, 848, 849, 850, 853, 854, 857, 858, 861, 862, 864, 865, 867, 868, 870, 871, 872], "excluded_lines": [], "executed_branches": [], "missing_branches": [[841, 842], [841, 846], [842, 841], [842, 843], [848, 849], [848, 853], [857, 858], [857, 867]]}, "AutoRemediator.create_remediation_branch": {"executed_lines": [], "summary": {"covered_lines": 0, "num_statements": 13, "percent_covered": 0.0, "percent_covered_display": "0.00", "missing_lines": 13, "excluded_lines": 0, "num_branches": 2, "num_partial_branches": 0, "covered_branches": 0, "missing_branches": 2}, "missing_lines": [876, 878, 879, 880, 883, 884, 887, 895, 902, 903, 905, 906, 907], "excluded_lines": [], "executed_branches": [], "missing_branches": [[879, 880], [879, 883]]}, "AutoRemediator.commit_fixes": {"executed_lines": [], "summary": {"covered_lines": 0, "num_statements": 16, "percent_covered": 0.0, "percent_covered_display": "0.00", "missing_lines": 16, "excluded_lines": 0, "num_branches": 2, "num_partial_branches": 0, "covered_branches": 0, "missing_branches": 2}, "missing_lines": [911, 913, 921, 922, 923, 925, 927, 928, 929, 930, 933, 940, 941, 943, 944, 945], "excluded_lines": [], "executed_branches": [], "missing_branches": [[925, 927], [925, 933]]}, "AutoRemediator._generate_improved_pr_body": {"executed_lines": [], "summary": {"covered_lines": 0, "num_statements": 67, "percent_covered": 0.0, "percent_covered_display": "0.00", "missing_lines": 67, "excluded_lines": 0, "num_branches": 34, "num_partial_branches": 0, "covered_branches": 0, "missing_branches": 34}, "missing_lines": [950, 951, 952, 953, 954, 955, 958, 959, 960, 961, 964, 965, 966, 967, 968, 969, 970, 973, 987, 988, 989, 990, 991, 993, 999, 1000, 1001, 1002, 1003, 1005, 1006, 1008, 1009, 1010, 1011, 1012, 1013, 1015, 1016, 1018, 1019, 1020, 1022, 1023, 1024, 1025, 1026, 1027, 1028, 1029, 1030, 1031, 1032, 1034, 1035, 1036, 1038, 1039, 1042, 1043, 1044, 1046, 1048, 1049, 1051, 1054, 1078], "excluded_lines": [], "executed_branches": [], "missing_branches": [[951, 952], [951, 958], [953, 954], [953, 955], [965, 966], [965, 967], [967, 968], [967, 969], [969, 970], [969, 973], [987, 988], [987, 993], [1000, 1001], [1000, 1005], [1006, 1008], [1006, 1022], [1008, 1009], [1008, 1011], [1011, 1012], [1011, 1015], [1019, 1006], [1019, 1020], [1022, 1023], [1022, 1051], [1023, 1024], [1023, 1048], [1025, 1026], [1025, 1029], [1029, 1030], [1029, 1034], [1043, 1044], [1043, 1046], [1048, 1049], [1048, 1054]]}, "AutoRemediator._generate_cross_file_analysis_section": {"executed_lines": [], "summary": {"covered_lines": 0, "num_statements": 61, "percent_covered": 0.0, "percent_covered_display": "0.00", "missing_lines": 61, "excluded_lines": 0, "num_branches": 48, "num_partial_branches": 0, "covered_branches": 0, "missing_branches": 48}, "missing_lines": [1082, 1083, 1086, 1087, 1088, 1091, 1092, 1093, 1095, 1097, 1098, 1099, 1102, 1103, 1104, 1105, 1108, 1109, 1110, 1111, 1112, 1113, 1114, 1115, 1116, 1117, 1118, 1121, 1122, 1123, 1124, 1126, 1128, 1129, 1132, 1133, 1134, 1135, 1138, 1139, 1142, 1143, 1144, 1147, 1150, 1152, 1153, 1155, 1156, 1159, 1160, 1162, 1163, 1164, 1166, 1167, 1168, 1169, 1171, 1172, 1174], "excluded_lines": [], "executed_branches": [], "missing_branches": [[1082, 1083], [1082, 1086], [1095, 1097], [1095, 1121], [1098, 1099], [1098, 1102], [1103, 1104], [1103, 1108], [1109, 1110], [1109, 1111], [1111, 1112], [1111, 1113], [1113, 1114], [1113, 1115], [1115, 1116], [1115, 1117], [1117, 1095], [1117, 1118], [1126, 1128], [1126, 1147], [1128, 1129], [1128, 1132], [1132, 1133], [1132, 1138], [1133, 1134], [1133, 1138], [1134, 1133], [1134, 1135], [1138, 1139], [1138, 1142], [1142, 1126], [1142, 1143], [1143, 1126], [1143, 1144], [1152, 1153], [1152, 1155], [1155, 1156], [1155, 1159], [1159, 1160], [1159, 1162], [1162, 1163], [1162, 1166], [1166, 1167], [1166, 1171], [1168, 1169], [1168, 1171], [1171, 1172], [1171, 1174]]}, "AutoRemediator.get_default_branch": {"executed_lines": [], "summary": {"covered_lines": 0, "num_statements": 15, "percent_covered": 0.0, "percent_covered_display": "0.00", "missing_lines": 15, "excluded_lines": 0, "num_branches": 4, "num_partial_branches": 0, "covered_branches": 0, "missing_branches": 4}, "missing_lines": [1178, 1180, 1188, 1189, 1190, 1192, 1193, 1200, 1201, 1202, 1203, 1204, 1206, 1207, 1208], "excluded_lines": [], "executed_branches": [], "missing_branches": [[1201, 1202], [1201, 1203], [1203, 1204], [1203, 1206]]}, "AutoRemediator.create_pull_request": {"executed_lines": [], "summary": {"covered_lines": 0, "num_statements": 65, "percent_covered": 0.0, "percent_covered_display": "0.00", "missing_lines": 65, "excluded_lines": 0, "num_branches": 30, "num_partial_branches": 0, "covered_branches": 0, "missing_branches": 30}, "missing_lines": [1214, 1215, 1218, 1219, 1221, 1223, 1231, 1234, 1236, 1237, 1239, 1241, 1245, 1246, 1247, 1249, 1250, 1251, 1253, 1254, 1255, 1256, 1257, 1258, 1259, 1261, 1262, 1263, 1264, 1265, 1267, 1268, 1269, 1271, 1273, 1276, 1277, 1280, 1303, 1304, 1316, 1317, 1318, 1320, 1322, 1323, 1324, 1325, 1327, 1329, 1331, 1332, 1333, 1335, 1336, 1337, 1338, 1339, 1340, 1341, 1343, 1344, 1346, 1347, 1348], "excluded_lines": [], "executed_branches": [], "missing_branches": [[1214, 1215], [1214, 1218], [1234, 1236], [1234, 1343], [1236, 1237], [1236, 1239], [1245, 1246], [1245, 1273], [1249, 1250], [1249, 1251], [1251, 1253], [1251, 1268], [1254, 1255], [1254, 1261], [1256, 1254], [1256, 1257], [1258, 1254], [1258, 1259], [1262, 1263], [1262, 1267], [1268, 1269], [1268, 1271], [1276, 1277], [1276, 1280], [1323, 1324], [1323, 1329], [1324, 1325], [1324, 1327], [1332, 1333], [1332, 1335]]}, "AutoRemediator.remediate_findings": {"executed_lines": [], "summary": {"covered_lines": 0, "num_statements": 75, "percent_covered": 0.0, "percent_covered_display": "0.00", "missing_lines": 75, "excluded_lines": 0, "num_branches": 20, "num_partial_branches": 0, "covered_branches": 0, "missing_branches": 20}, "missing_lines": [1352, 1354, 1355, 1357, 1372, 1373, 1374, 1375, 1380, 1381, 1383, 1386, 1387, 1389, 1390, 1391, 1392, 1395, 1396, 1397, 1398, 1399, 1400, 1403, 1404, 1406, 1407, 1408, 1409, 1412, 1413, 1414, 1415, 1417, 1418, 1419, 1420, 1421, 1422, 1423, 1425, 1426, 1430, 1432, 1433, 1434, 1435, 1437, 1440, 1441, 1443, 1444, 1451, 1452, 1453, 1454, 1455, 1456, 1457, 1458, 1459, 1462, 1463, 1464, 1465, 1468, 1469, 1470, 1476, 1482, 1483, 1484, 1485, 1486, 1488], "excluded_lines": [], "executed_branches": [], "missing_branches": [[1354, 1355], [1354, 1357], [1373, 1374], [1373, 1383], [1380, 1373], [1380, 1381], [1389, 1390], [1389, 1395], [1406, 1407], [1406, 1437], [1412, 1413], [1412, 1417], [1418, 1419], [1418, 1430], [1420, 1421], [1420, 1425], [1440, 1441], [1440, 1468], [1441, 1443], [1441, 1488]]}, "AutoRemediator.can_remediate_dependency": {"executed_lines": [], "summary": {"covered_lines": 0, "num_statements": 8, "percent_covered": 0.0, "percent_covered_display": "0.00", "missing_lines": 8, "excluded_lines": 0, "num_branches": 4, "num_partial_branches": 0, "covered_branches": 0, "missing_branches": 4}, "missing_lines": [1493, 1494, 1497, 1498, 1499, 1502, 1503, 1515], "excluded_lines": [], "executed_branches": [], "missing_branches": [[1493, 1494], [1493, 1497], [1498, 1499], [1498, 1502]]}, "AutoRemediator._update_python_requirements": {"executed_lines": [], "summary": {"covered_lines": 0, "num_statements": 28, "percent_covered": 0.0, "percent_covered_display": "0.00", "missing_lines": 28, "excluded_lines": 0, "num_branches": 12, "num_partial_branches": 0, "covered_branches": 0, "missing_branches": 12}, "missing_lines": [1519, 1521, 1522, 1523, 1525, 1526, 1527, 1529, 1530, 1531, 1533, 1534, 1536, 1537, 1540, 1542, 1543, 1544, 1545, 1547, 1548, 1549, 1550, 1552, 1553, 1555, 1556, 1557], "excluded_lines": [], "executed_branches": [], "missing_branches": [[1521, 1522], [1521, 1525], [1525, 1526], [1525, 1529], [1529, 1530], [1529, 1533], [1537, 1540], [1537, 1547], [1540, 1537], [1540, 1542], [1547, 1548], [1547, 1552]]}, "AutoRemediator._update_nodejs_package_json": {"executed_lines": [], "summary": {"covered_lines": 0, "num_statements": 55, "percent_covered": 0.0, "percent_covered_display": "0.00", "missing_lines": 55, "excluded_lines": 0, "num_branches": 22, "num_partial_branches": 0, "covered_branches": 0, "missing_branches": 22}, "missing_lines": [1561, 1563, 1564, 1565, 1567, 1568, 1569, 1571, 1572, 1573, 1575, 1576, 1578, 1580, 1581, 1582, 1584, 1585, 1586, 1588, 1590, 1591, 1592, 1594, 1596, 1597, 1598, 1601, 1602, 1603, 1605, 1606, 1607, 1608, 1615, 1616, 1618, 1620, 1621, 1622, 1629, 1630, 1632, 1634, 1635, 1636, 1637, 1638, 1639, 1641, 1643, 1644, 1646, 1647, 1648], "excluded_lines": [], "executed_branches": [], "missing_branches": [[1563, 1564], [1563, 1567], [1567, 1568], [1567, 1571], [1571, 1572], [1571, 1575], [1580, 1581], [1580, 1594], [1581, 1580], [1581, 1582], [1584, 1585], [1584, 1588], [1594, 1596], [1594, 1643], [1606, 1607], [1606, 1620], [1615, 1616], [1615, 1618], [1620, 1621], [1620, 1641], [1629, 1630], [1629, 1632]]}, "AutoRemediator._fix_dependency": {"executed_lines": [], "summary": {"covered_lines": 0, "num_statements": 67, "percent_covered": 0.0, "percent_covered_display": "0.00", "missing_lines": 67, "excluded_lines": 0, "num_branches": 32, "num_partial_branches": 0, "covered_branches": 0, "missing_branches": 32}, "missing_lines": [1652, 1653, 1654, 1655, 1656, 1657, 1658, 1660, 1661, 1662, 1663, 1666, 1667, 1668, 1669, 1670, 1673, 1674, 1675, 1676, 1677, 1678, 1680, 1681, 1682, 1684, 1685, 1686, 1687, 1688, 1689, 1690, 1691, 1692, 1693, 1694, 1695, 1698, 1699, 1700, 1701, 1704, 1705, 1706, 1708, 1710, 1711, 1713, 1723, 1724, 1725, 1726, 1727, 1728, 1729, 1731, 1732, 1734, 1735, 1736, 1737, 1738, 1739, 1740, 1741, 1742, 1743], "excluded_lines": [], "executed_branches": [], "missing_branches": [[1661, 1662], [1661, 1666], [1674, 1675], [1674, 1676], [1676, 1677], [1676, 1678], [1678, 1680], [1678, 1686], [1681, 1682], [1681, 1684], [1686, 1687], [1686, 1688], [1688, 1689], [1688, 1690], [1690, 1691], [1690, 1692], [1692, 1693], [1692, 1694], [1694, 1695], [1694, 1698], [1699, 1700], [1699, 1704], [1704, 1705], [1704, 1706], [1708, 1710], [1708, 1723], [1710, 1711], [1710, 1713], [1723, 1724], [1723, 1729], [1734, 1735], [1734, 1743]]}, "AutoRemediator.create_dependency_branch": {"executed_lines": [], "summary": {"covered_lines": 0, "num_statements": 13, "percent_covered": 0.0, "percent_covered_display": "0.00", "missing_lines": 13, "excluded_lines": 0, "num_branches": 2, "num_partial_branches": 0, "covered_branches": 0, "missing_branches": 2}, "missing_lines": [1747, 1749, 1750, 1751, 1753, 1754, 1757, 1765, 1772, 1773, 1775, 1776, 1777], "excluded_lines": [], "executed_branches": [], "missing_branches": [[1750, 1751], [1750, 1753]]}, "AutoRemediator.commit_dependency_fixes": {"executed_lines": [], "summary": {"covered_lines": 0, "num_statements": 29, "percent_covered": 0.0, "percent_covered_display": "0.00", "missing_lines": 29, "excluded_lines": 0, "num_branches": 14, "num_partial_branches": 0, "covered_branches": 0, "missing_branches": 14}, "missing_lines": [1781, 1782, 1789, 1790, 1793, 1794, 1795, 1797, 1798, 1799, 1800, 1801, 1803, 1804, 1806, 1807, 1808, 1809, 1812, 1813, 1821, 1822, 1824, 1825, 1826, 1827, 1828, 1829, 1830], "excluded_lines": [], "executed_branches": [], "missing_branches": [[1793, 1794], [1793, 1803], [1795, 1797], [1795, 1801], [1799, 1795], [1799, 1800], [1804, 1806], [1804, 1812], [1808, 1804], [1808, 1809], [1826, 1827], [1826, 1828], [1828, 1829], [1828, 1830]]}, "AutoRemediator.remediate_dependencies": {"executed_lines": [], "summary": {"covered_lines": 0, "num_statements": 45, "percent_covered": 0.0, "percent_covered_display": "0.00", "missing_lines": 45, "excluded_lines": 0, "num_branches": 14, "num_partial_branches": 0, "covered_branches": 0, "missing_branches": 14}, "missing_lines": [1834, 1835, 1848, 1849, 1851, 1852, 1853, 1854, 1857, 1858, 1859, 1860, 1861, 1862, 1865, 1867, 1868, 1869, 1870, 1871, 1873, 1875, 1876, 1879, 1880, 1883, 1884, 1885, 1888, 1889, 1891, 1892, 1899, 1900, 1903, 1904, 1905, 1906, 1907, 1908, 1909, 1910, 1911, 1913, 1915], "excluded_lines": [], "executed_branches": [], "missing_branches": [[1851, 1852], [1851, 1857], [1867, 1868], [1867, 1875], [1869, 1870], [1869, 1873], [1879, 1880], [1879, 1883], [1883, 1884], [1883, 1888], [1888, 1889], [1888, 1913], [1889, 1891], [1889, 1915]]}, "AutoRemediator._create_dependency_pr": {"executed_lines": [], "summary": {"covered_lines": 0, "num_statements": 47, "percent_covered": 0.0, "percent_covered_display": "0.00", "missing_lines": 47, "excluded_lines": 0, "num_branches": 20, "num_partial_branches": 0, "covered_branches": 0, "missing_branches": 20}, "missing_lines": [1919, 1920, 1923, 1925, 1926, 1929, 1930, 1931, 1932, 1933, 1934, 1935, 1937, 1938, 1941, 1942, 1943, 1944, 1945, 1947, 1948, 1949, 1952, 1953, 1954, 1956, 1958, 1960, 1962, 1965, 1966, 1968, 1978, 1979, 1980, 1981, 1982, 1983, 1985, 2003, 2006, 2018, 2019, 2020, 2022, 2023, 2024], "excluded_lines": [], "executed_branches": [], "missing_branches": [[1923, 1925], [1923, 1962], [1930, 1931], [1930, 1937], [1932, 1930], [1932, 1933], [1934, 1930], [1934, 1935], [1942, 1943], [1942, 1948], [1944, 1945], [1944, 1947], [1948, 1949], [1948, 1952], [1952, 1953], [1952, 1960], [1953, 1954], [1953, 1956], [1978, 1979], [1978, 1985]]}, "AutoRemediator._update_go_mod": {"executed_lines": [], "summary": {"covered_lines": 0, "num_statements": 22, "percent_covered": 0.0, "percent_covered_display": "0.00", "missing_lines": 22, "excluded_lines": 0, "num_branches": 8, "num_partial_branches": 0, "covered_branches": 0, "missing_branches": 8}, "missing_lines": [2028, 2030, 2031, 2032, 2034, 2035, 2036, 2038, 2039, 2040, 2042, 2045, 2048, 2050, 2054, 2055, 2056, 2058, 2059, 2061, 2062, 2063], "excluded_lines": [], "executed_branches": [], "missing_branches": [[2030, 2031], [2030, 2034], [2034, 2035], [2034, 2038], [2038, 2039], [2038, 2042], [2054, 2055], [2054, 2058]]}, "AutoRemediator._update_rust_cargo": {"executed_lines": [], "summary": {"covered_lines": 0, "num_statements": 40, "percent_covered": 0.0, "percent_covered_display": "0.00", "missing_lines": 40, "excluded_lines": 0, "num_branches": 20, "num_partial_branches": 0, "covered_branches": 0, "missing_branches": 20}, "missing_lines": [2067, 2069, 2070, 2071, 2073, 2074, 2075, 2077, 2078, 2079, 2081, 2082, 2084, 2085, 2086, 2088, 2089, 2090, 2091, 2092, 2093, 2094, 2096, 2097, 2098, 2099, 2100, 2102, 2104, 2105, 2106, 2108, 2109, 2110, 2111, 2113, 2114, 2116, 2117, 2118], "excluded_lines": [], "executed_branches": [], "missing_branches": [[2069, 2070], [2069, 2073], [2073, 2074], [2073, 2077], [2077, 2078], [2077, 2081], [2088, 2089], [2088, 2108], [2089, 2090], [2089, 2092], [2092, 2093], [2092, 2096], [2096, 2088], [2096, 2097], [2097, 2088], [2097, 2098], [2098, 2099], [2098, 2102], [2108, 2109], [2108, 2113]]}, "AutoRemediator._update_php_composer": {"executed_lines": [], "summary": {"covered_lines": 0, "num_statements": 33, "percent_covered": 0.0, "percent_covered_display": "0.00", "missing_lines": 33, "excluded_lines": 0, "num_branches": 14, "num_partial_branches": 0, "covered_branches": 0, "missing_branches": 14}, "missing_lines": [2122, 2124, 2125, 2126, 2128, 2129, 2130, 2132, 2133, 2134, 2136, 2137, 2139, 2140, 2141, 2142, 2145, 2146, 2147, 2149, 2151, 2152, 2153, 2155, 2156, 2157, 2158, 2159, 2161, 2162, 2164, 2165, 2166], "excluded_lines": [], "executed_branches": [], "missing_branches": [[2124, 2125], [2124, 2128], [2128, 2129], [2128, 2132], [2132, 2133], [2132, 2136], [2140, 2141], [2140, 2155], [2141, 2140], [2141, 2142], [2145, 2146], [2145, 2149], [2155, 2156], [2155, 2161]]}, "AutoRemediator._update_java_maven": {"executed_lines": [], "summary": {"covered_lines": 0, "num_statements": 41, "percent_covered": 0.0, "percent_covered_display": "0.00", "missing_lines": 41, "excluded_lines": 0, "num_branches": 16, "num_partial_branches": 0, "covered_branches": 0, "missing_branches": 16}, "missing_lines": [2170, 2172, 2173, 2174, 2176, 2177, 2178, 2180, 2181, 2182, 2184, 2186, 2187, 2190, 2191, 2192, 2193, 2194, 2196, 2197, 2199, 2200, 2202, 2203, 2204, 2205, 2207, 2208, 2209, 2210, 2211, 2212, 2213, 2215, 2216, 2217, 2219, 2220, 2222, 2223, 2224], "excluded_lines": [], "executed_branches": [], "missing_branches": [[2172, 2173], [2172, 2176], [2176, 2177], [2176, 2180], [2180, 2181], [2180, 2184], [2191, 2192], [2191, 2196], [2202, 2203], [2202, 2215], [2207, 2202], [2207, 2208], [2209, 2202], [2209, 2210], [2215, 2216], [2215, 2219]]}, "AutoRemediator._update_java_gradle": {"executed_lines": [], "summary": {"covered_lines": 0, "num_statements": 40, "percent_covered": 0.0, "percent_covered_display": "0.00", "missing_lines": 40, "excluded_lines": 0, "num_branches": 24, "num_partial_branches": 0, "covered_branches": 0, "missing_branches": 24}, "missing_lines": [2228, 2230, 2231, 2232, 2234, 2235, 2236, 2238, 2239, 2240, 2242, 2243, 2245, 2246, 2248, 2249, 2250, 2252, 2255, 2256, 2258, 2259, 2260, 2261, 2263, 2264, 2265, 2266, 2267, 2269, 2270, 2272, 2273, 2274, 2275, 2277, 2278, 2280, 2281, 2282], "excluded_lines": [], "executed_branches": [], "missing_branches": [[2230, 2231], [2230, 2234], [2234, 2235], [2234, 2238], [2238, 2239], [2238, 2242], [2248, 2249], [2248, 2272], [2249, 2250], [2249, 2252], [2252, 2248], [2252, 2255], [2255, 2256], [2255, 2269], [2256, 2255], [2256, 2258], [2259, 2255], [2259, 2260], [2263, 2255], [2263, 2264], [2269, 2248], [2269, 2270], [2272, 2273], [2272, 2277]]}, "create_remediation_pr": {"executed_lines": [], "summary": {"covered_lines": 0, "num_statements": 57, "percent_covered": 0.0, "percent_covered_display": "0.00", "missing_lines": 57, "excluded_lines": 0, "num_branches": 26, "num_partial_branches": 0, "covered_branches": 0, "missing_branches": 26}, "missing_lines": [2295, 2297, 2299, 2301, 2303, 2304, 2305, 2306, 2309, 2311, 2312, 2313, 2314, 2315, 2317, 2318, 2319, 2322, 2323, 2325, 2326, 2327, 2328, 2330, 2331, 2332, 2334, 2335, 2337, 2338, 2341, 2342, 2344, 2345, 2346, 2347, 2348, 2349, 2350, 2351, 2353, 2354, 2355, 2357, 2358, 2359, 2360, 2361, 2363, 2364, 2366, 2367, 2369, 2370, 2371, 2372, 2374], "excluded_lines": [], "executed_branches": [], "missing_branches": [[2299, 2301], [2299, 2303], [2304, 2305], [2304, 2309], [2311, 2312], [2311, 2353], [2317, 2318], [2317, 2337], [2325, 2326], [2325, 2330], [2330, 2331], [2330, 2334], [2334, 2335], [2334, 2374], [2344, 2345], [2344, 2374], [2346, 2347], [2346, 2348], [2348, 2349], [2348, 2374], [2353, 2354], [2353, 2366], [2357, 2358], [2357, 2363], [2360, 2361], [2360, 2374]]}, "": {"executed_lines": [], "summary": {"covered_lines": 0, "num_statements": 53, "percent_covered": 0.0, "percent_covered_display": "0.00", "missing_lines": 53, "excluded_lines": 0, "num_branches": 0, "num_partial_branches": 0, "covered_branches": 0, "missing_branches": 0}, "missing_lines": [7, 8, 9, 10, 11, 12, 13, 14, 15, 16, 17, 18, 21, 23, 25, 67, 118, 147, 173, 198, 265, 295, 328, 331, 399, 452, 524, 598, 733, 761, 790, 831, 874, 909, 947, 1080, 1176, 1210, 1350, 1490, 1517, 1559, 1650, 1745, 1779, 1832, 1917, 2026, 2065, 2120, 2168, 2226, 2286], "excluded_lines": [], "executed_branches": [], "missing_branches": []}}, "classes": {"AutoRemediator": {"executed_lines": [], "summary": {"covered_lines": 0, "num_statements": 1055, "percent_covered": 0.0, "percent_covered_display": "0.00", "missing_lines": 1055, "excluded_lines": 0, "num_branches": 448, "num_partial_branches": 0, "covered_branches": 0, "missing_branches": 448}, "missing_lines": [332, 333, 334, 335, 336, 338, 339, 340, 341, 342, 343, 344, 345, 346, 347, 348, 349, 350, 352, 353, 354, 357, 358, 359, 361, 362, 364, 365, 367, 369, 370, 376, 377, 378, 382, 384, 385, 386, 390, 391, 394, 395, 397, 401, 402, 405, 413, 415, 420, 421, 423, 424, 425, 427, 428, 429, 431, 432, 433, 434, 435, 436, 437, 438, 439, 440, 441, 442, 443, 444, 445, 446, 447, 449, 450, 455, 456, 457, 459, 465, 466, 467, 473, 474, 475, 481, 482, 484, 491, 492, 496, 497, 498, 499, 500, 501, 502, 503, 506, 507, 508, 509, 510, 511, 512, 513, 514, 515, 516, 519, 520, 521, 522, 527, 528, 531, 532, 533, 536, 541, 542, 543, 544, 547, 548, 549, 550, 553, 589, 590, 591, 592, 594, 595, 596, 600, 601, 603, 604, 605, 608, 609, 610, 612, 613, 614, 617, 618, 619, 620, 623, 624, 626, 627, 630, 632, 633, 634, 640, 641, 642, 643, 649, 650, 651, 652, 659, 661, 663, 664, 668, 669, 670, 671, 672, 673, 674, 675, 678, 679, 680, 681, 682, 683, 684, 685, 686, 687, 688, 689, 690, 691, 692, 693, 694, 695, 696, 697, 698, 699, 700, 701, 702, 703, 704, 706, 707, 708, 709, 710, 712, 714, 716, 717, 718, 720, 729, 730, 731, 734, 762, 792, 793, 795, 796, 797, 798, 799, 800, 802, 803, 804, 806, 808, 809, 810, 811, 812, 815, 816, 817, 819, 820, 822, 824, 825, 826, 827, 829, 833, 834, 835, 836, 838, 841, 842, 843, 844, 846, 848, 849, 850, 853, 854, 857, 858, 861, 862, 864, 865, 867, 868, 870, 871, 872, 876, 878, 879, 880, 883, 884, 887, 895, 902, 903, 905, 906, 907, 911, 913, 921, 922, 923, 925, 927, 928, 929, 930, 933, 940, 941, 943, 944, 945, 950, 951, 952, 953, 954, 955, 958, 959, 960, 961, 964, 965, 966, 967, 968, 969, 970, 973, 987, 988, 989, 990, 991, 993, 999, 1000, 1001, 1002, 1003, 1005, 1006, 1008, 1009, 1010, 1011, 1012, 1013, 1015, 1016, 1018, 1019, 1020, 1022, 1023, 1024, 1025, 1026, 1027, 1028, 1029, 1030, 1031, 1032, 1034, 1035, 1036, 1038, 1039, 1042, 1043, 1044, 1046, 1048, 1049, 1051, 1054, 1078, 1082, 1083, 1086, 1087, 1088, 1091, 1092, 1093, 1095, 1097, 1098, 1099, 1102, 1103, 1104, 1105, 1108, 1109, 1110, 1111, 1112, 1113, 1114, 1115, 1116, 1117, 1118, 1121, 1122, 1123, 1124, 1126, 1128, 1129, 1132, 1133, 1134, 1135, 1138, 1139, 1142, 1143, 1144, 1147, 1150, 1152, 1153, 1155, 1156, 1159, 1160, 1162, 1163, 1164, 1166, 1167, 1168, 1169, 1171, 1172, 1174, 1178, 1180, 1188, 1189, 1190, 1192, 1193, 1200, 1201, 1202, 1203, 1204, 1206, 1207, 1208, 1214, 1215, 1218, 1219, 1221, 1223, 1231, 1234, 1236, 1237, 1239, 1241, 1245, 1246, 1247, 1249, 1250, 1251, 1253, 1254, 1255, 1256, 1257, 1258, 1259, 1261, 1262, 1263, 1264, 1265, 1267, 1268, 1269, 1271, 1273, 1276, 1277, 1280, 1303, 1304, 1316, 1317, 1318, 1320, 1322, 1323, 1324, 1325, 1327, 1329, 1331, 1332, 1333, 1335, 1336, 1337, 1338, 1339, 1340, 1341, 1343, 1344, 1346, 1347, 1348, 1352, 1354, 1355, 1357, 1372, 1373, 1374, 1375, 1380, 1381, 1383, 1386, 1387, 1389, 1390, 1391, 1392, 1395, 1396, 1397, 1398, 1399, 1400, 1403, 1404, 1406, 1407, 1408, 1409, 1412, 1413, 1414, 1415, 1417, 1418, 1419, 1420, 1421, 1422, 1423, 1425, 1426, 1430, 1432, 1433, 1434, 1435, 1437, 1440, 1441, 1443, 1444, 1451, 1452, 1453, 1454, 1455, 1456, 1457, 1458, 1459, 1462, 1463, 1464, 1465, 1468, 1469, 1470, 1476, 1482, 1483, 1484, 1485, 1486, 1488, 1493, 1494, 1497, 1498, 1499, 1502, 1503, 1515, 1519, 1521, 1522, 1523, 1525, 1526, 1527, 1529, 1530, 1531, 1533, 1534, 1536, 1537, 1540, 1542, 1543, 1544, 1545, 1547, 1548, 1549, 1550, 1552, 1553, 1555, 1556, 1557, 1561, 1563, 1564, 1565, 1567, 1568, 1569, 1571, 1572, 1573, 1575, 1576, 1578, 1580, 1581, 1582, 1584, 1585, 1586, 1588, 1590, 1591, 1592, 1594, 1596, 1597, 1598, 1601, 1602, 1603, 1605, 1606, 1607, 1608, 1615, 1616, 1618, 1620, 1621, 1622, 1629, 1630, 1632, 1634, 1635, 1636, 1637, 1638, 1639, 1641, 1643, 1644, 1646, 1647, 1648, 1652, 1653, 1654, 1655, 1656, 1657, 1658, 1660, 1661, 1662, 1663, 1666, 1667, 1668, 1669, 1670, 1673, 1674, 1675, 1676, 1677, 1678, 1680, 1681, 1682, 1684, 1685, 1686, 1687, 1688, 1689, 1690, 1691, 1692, 1693, 1694, 1695, 1698, 1699, 1700, 1701, 1704, 1705, 1706, 1708, 1710, 1711, 1713, 1723, 1724, 1725, 1726, 1727, 1728, 1729, 1731, 1732, 1734, 1735, 1736, 1737, 1738, 1739, 1740, 1741, 1742, 1743, 1747, 1749, 1750, 1751, 1753, 1754, 1757, 1765, 1772, 1773, 1775, 1776, 1777, 1781, 1782, 1789, 1790, 1793, 1794, 1795, 1797, 1798, 1799, 1800, 1801, 1803, 1804, 1806, 1807, 1808, 1809, 1812, 1813, 1821, 1822, 1824, 1825, 1826, 1827, 1828, 1829, 1830, 1834, 1835, 1848, 1849, 1851, 1852, 1853, 1854, 1857, 1858, 1859, 1860, 1861, 1862, 1865, 1867, 1868, 1869, 1870, 1871, 1873, 1875, 1876, 1879, 1880, 1883, 1884, 1885, 1888, 1889, 1891, 1892, 1899, 1900, 1903, 1904, 1905, 1906, 1907, 1908, 1909, 1910, 1911, 1913, 1915, 1919, 1920, 1923, 1925, 1926, 1929, 1930, 1931, 1932, 1933, 1934, 1935, 1937, 1938, 1941, 1942, 1943, 1944, 1945, 1947, 1948, 1949, 1952, 1953, 1954, 1956, 1958, 1960, 1962, 1965, 1966, 1968, 1978, 1979, 1980, 1981, 1982, 1983, 1985, 2003, 2006, 2018, 2019, 2020, 2022, 2023, 2024, 2028, 2030, 2031, 2032, 2034, 2035, 2036, 2038, 2039, 2040, 2042, 2045, 2048, 2050, 2054, 2055, 2056, 2058, 2059, 2061, 2062, 2063, 2067, 2069, 2070, 2071, 2073, 2074, 2075, 2077, 2078, 2079, 2081, 2082, 2084, 2085, 2086, 2088, 2089, 2090, 2091, 2092, 2093, 2094, 2096, 2097, 2098, 2099, 2100, 2102, 2104, 2105, 2106, 2108, 2109, 2110, 2111, 2113, 2114, 2116, 2117, 2118, 2122, 2124, 2125, 2126, 2128, 2129, 2130, 2132, 2133, 2134, 2136, 2137, 2139, 2140, 2141, 2142, 2145, 2146, 2147, 2149, 2151, 2152, 2153, 2155, 2156, 2157, 2158, 2159, 2161, 2162, 2164, 2165, 2166, 2170, 2172, 2173, 2174, 2176, 2177, 2178, 2180, 2181, 2182, 2184, 2186, 2187, 2190, 2191, 2192, 2193, 2194, 2196, 2197, 2199, 2200, 2202, 2203, 2204, 2205, 2207, 2208, 2209, 2210, 2211, 2212, 2213, 2215, 2216, 2217, 2219, 2220, 2222, 2223, 2224, 2228, 2230, 2231, 2232, 2234, 2235, 2236, 2238, 2239, 2240, 2242, 2243, 2245, 2246, 2248, 2249, 2250, 2252, 2255, 2256, 2258, 2259, 2260, 2261, 2263, 2264, 2265, 2266, 2267, 2269, 2270, 2272, 2273, 2274, 2275, 2277, 2278, 2280, 2281, 2282], "excluded_lines": [], "executed_branches": [], "missing_branches": [[338, 339], [338, 344], [340, -331], [340, 341], [341, 342], [341, 343], [344, 345], [344, 350], [346, -331], [346, 347], [347, 348], [347, 349], [350, 352], [350, 397], [357, 358], [357, 361], [361, 362], [361, 364], [364, 365], [364, 367], [382, 384], [382, 391], [385, 386], [385, 390], [394, -331], [394, 395], [431, 432], [431, 435], [435, 436], [435, 438], [438, 439], [438, 442], [442, 443], [442, 449], [466, 467], [466, 474], [474, 475], [474, 482], [482, -452], [482, 484], [506, 507], [506, 510], [510, 511], [510, 513], [513, 514], [513, 519], [527, 528], [527, 531], [541, 542], [541, 547], [542, 541], [542, 543], [547, 548], [547, 553], [548, 547], [548, 549], [589, 590], [589, 594], [590, 589], [590, 591], [609, 610], [609, 612], [613, 614], [613, 617], [618, 619], [618, 623], [632, 633], [632, 641], [641, 642], [641, 650], [650, 651], [650, 714], [678, 679], [678, 682], [682, 683], [682, 688], [688, 689], [688, 694], [694, 695], [694, 702], [702, 703], [702, 706], [717, 718], [717, 720], [792, 793], [792, 795], [796, 797], [796, 802], [798, 799], [798, 800], [802, 803], [802, 806], [806, 808], [806, 822], [815, 816], [815, 819], [824, 825], [824, 829], [841, 842], [841, 846], [842, 841], [842, 843], [848, 849], [848, 853], [857, 858], [857, 867], [879, 880], [879, 883], [925, 927], [925, 933], [951, 952], [951, 958], [953, 954], [953, 955], [965, 966], [965, 967], [967, 968], [967, 969], [969, 970], [969, 973], [987, 988], [987, 993], [1000, 1001], [1000, 1005], [1006, 1008], [1006, 1022], [1008, 1009], [1008, 1011], [1011, 1012], [1011, 1015], [1019, 1006], [1019, 1020], [1022, 1023], [1022, 1051], [1023, 1024], [1023, 1048], [1025, 1026], [1025, 1029], [1029, 1030], [1029, 1034], [1043, 1044], [1043, 1046], [1048, 1049], [1048, 1054], [1082, 1083], [1082, 1086], [1095, 1097], [1095, 1121], [1098, 1099], [1098, 1102], [1103, 1104], [1103, 1108], [1109, 1110], [1109, 1111], [1111, 1112], [1111, 1113], [1113, 1114], [1113, 1115], [1115, 1116], [1115, 1117], [1117, 1095], [1117, 1118], [1126, 1128], [1126, 1147], [1128, 1129], [1128, 1132], [1132, 1133], [1132, 1138], [1133, 1134], [1133, 1138], [1134, 1133], [1134, 1135], [1138, 1139], [1138, 1142], [1142, 1126], [1142, 1143], [1143, 1126], [1143, 1144], [1152, 1153], [1152, 1155], [1155, 1156], [1155, 1159], [1159, 1160], [1159, 1162], [1162, 1163], [1162, 1166], [1166, 1167], [1166, 1171], [1168, 1169], [1168, 1171], [1171, 1172], [1171, 1174], [1201, 1202], [1201, 1203], [1203, 1204], [1203, 1206], [1214, 1215], [1214, 1218], [1234, 1236], [1234, 1343], [1236, 1237], [1236, 1239], [1245, 1246], [1245, 1273], [1249, 1250], [1249, 1251], [1251, 1253], [1251, 1268], [1254, 1255], [1254, 1261], [1256, 1254], [1256, 1257], [1258, 1254], [1258, 1259], [1262, 1263], [1262, 1267], [1268, 1269], [1268, 1271], [1276, 1277], [1276, 1280], [1323, 1324], [1323, 1329], [1324, 1325], [1324, 1327], [1332, 1333], [1332, 1335], [1354, 1355], [1354, 1357], [1373, 1374], [1373, 1383], [1380, 1373], [1380, 1381], [1389, 1390], [1389, 1395], [1406, 1407], [1406, 1437], [1412, 1413], [1412, 1417], [1418, 1419], [1418, 1430], [1420, 1421], [1420, 1425], [1440, 1441], [1440, 1468], [1441, 1443], [1441, 1488], [1493, 1494], [1493, 1497], [1498, 1499], [1498, 1502], [1521, 1522], [1521, 1525], [1525, 1526], [1525, 1529], [1529, 1530], [1529, 1533], [1537, 1540], [1537, 1547], [1540, 1537], [1540, 1542], [1547, 1548], [1547, 1552], [1563, 1564], [1563, 1567], [1567, 1568], [1567, 1571], [1571, 1572], [1571, 1575], [1580, 1581], [1580, 1594], [1581, 1580], [1581, 1582], [1584, 1585], [1584, 1588], [1594, 1596], [1594, 1643], [1606, 1607], [1606, 1620], [1615, 1616], [1615, 1618], [1620, 1621], [1620, 1641], [1629, 1630], [1629, 1632], [1661, 1662], [1661, 1666], [1674, 1675], [1674, 1676], [1676, 1677], [1676, 1678], [1678, 1680], [1678, 1686], [1681, 1682], [1681, 1684], [1686, 1687], [1686, 1688], [1688, 1689], [1688, 1690], [1690, 1691], [1690, 1692], [1692, 1693], [1692, 1694], [1694, 1695], [1694, 1698], [1699, 1700], [1699, 1704], [1704, 1705], [1704, 1706], [1708, 1710], [1708, 1723], [1710, 1711], [1710, 1713], [1723, 1724], [1723, 1729], [1734, 1735], [1734, 1743], [1750, 1751], [1750, 1753], [1793, 1794], [1793, 1803], [1795, 1797], [1795, 1801], [1799, 1795], [1799, 1800], [1804, 1806], [1804, 1812], [1808, 1804], [1808, 1809], [1826, 1827], [1826, 1828], [1828, 1829], [1828, 1830], [1851, 1852], [1851, 1857], [1867, 1868], [1867, 1875], [1869, 1870], [1869, 1873], [1879, 1880], [1879, 1883], [1883, 1884], [1883, 1888], [1888, 1889], [1888, 1913], [1889, 1891], [1889, 1915], [1923, 1925], [1923, 1962], [1930, 1931], [1930, 1937], [1932, 1930], [1932, 1933], [1934, 1930], [1934, 1935], [1942, 1943], [1942, 1948], [1944, 1945], [1944, 1947], [1948, 1949], [1948, 1952], [1952, 1953], [1952, 1960], [1953, 1954], [1953, 1956], [1978, 1979], [1978, 1985], [2030, 2031], [2030, 2034], [2034, 2035], [2034, 2038], [2038, 2039], [2038, 2042], [2054, 2055], [2054, 2058], [2069, 2070], [2069, 2073], [2073, 2074], [2073, 2077], [2077, 2078], [2077, 2081], [2088, 2089], [2088, 2108], [2089, 2090], [2089, 2092], [2092, 2093], [2092, 2096], [2096, 2088], [2096, 2097], [2097, 2088], [2097, 2098], [2098, 2099], [2098, 2102], [2108, 2109], [2108, 2113], [2124, 2125], [2124, 2128], [2128, 2129], [2128, 2132], [2132, 2133], [2132, 2136], [2140, 2141], [2140, 2155], [2141, 2140], [2141, 2142], [2145, 2146], [2145, 2149], [2155, 2156], [2155, 2161], [2172, 2173], [2172, 2176], [2176, 2177], [2176, 2180], [2180, 2181], [2180, 2184], [2191, 2192], [2191, 2196], [2202, 2203], [2202, 2215], [2207, 2202], [2207, 2208], [2209, 2202], [2209, 2210], [2215, 2216], [2215, 2219], [2230, 2231], [2230, 2234], [2234, 2235], [2234, 2238], [2238, 2239], [2238, 2242], [2248, 2249], [2248, 2272], [2249, 2250], [2249, 2252], [2252, 2248], [2252, 2255], [2255, 2256], [2255, 2269], [2256, 2255], [2256, 2258], [2259, 2255], [2259, 2260], [2263, 2255], [2263, 2264], [2269, 2248], [2269, 2270], [2272, 2273], [2272, 2277]]}, "": {"executed_lines": [], "summary": {"covered_lines": 0, "num_statements": 226, "percent_covered": 0.0, "percent_covered_display": "0.00", "missing_lines": 226, "excluded_lines": 0, "num_branches": 92, "num_partial_branches": 0, "covered_branches": 0, "missing_branches": 92}, "missing_lines": [7, 8, 9, 10, 11, 12, 13, 14, 15, 16, 17, 18, 21, 23, 25, 41, 42, 45, 46, 50, 52, 53, 56, 61, 62, 63, 65, 67, 86, 87, 90, 91, 94, 96, 97, 98, 101, 103, 104, 107, 112, 113, 114, 116, 118, 128, 129, 132, 133, 136, 141, 142, 143, 145, 147, 157, 158, 161, 162, 166, 169, 171, 173, 183, 184, 187, 188, 191, 193, 194, 196, 198, 209, 211, 212, 213, 216, 217, 218, 219, 222, 223, 224, 227, 228, 229, 232, 233, 234, 235, 236, 237, 240, 241, 242, 245, 246, 247, 250, 251, 252, 255, 256, 257, 259, 261, 262, 263, 265, 267, 269, 270, 271, 274, 281, 283, 284, 286, 287, 289, 291, 292, 293, 295, 306, 307, 310, 311, 312, 314, 315, 318, 319, 320, 322, 324, 325, 326, 328, 331, 399, 452, 524, 598, 733, 761, 790, 831, 874, 909, 947, 1080, 1176, 1210, 1350, 1490, 1517, 1559, 1650, 1745, 1779, 1832, 1917, 2026, 2065, 2120, 2168, 2226, 2286, 2295, 2297, 2299, 2301, 2303, 2304, 2305, 2306, 2309, 2311, 2312, 2313, 2314, 2315, 2317, 2318, 2319, 2322, 2323, 2325, 2326, 2327, 2328, 2330, 2331, 2332, 2334, 2335, 2337, 2338, 2341, 2342, 2344, 2345, 2346, 2347, 2348, 2349, 2350, 2351, 2353, 2354, 2355, 2357, 2358, 2359, 2360, 2361, 2363, 2364, 2366, 2367, 2369, 2370, 2371, 2372, 2374], "excluded_lines": [], "executed_branches": [], "missing_branches": [[41, 42], [41, 45], [45, 46], [45, 50], [52, 53], [52, 56], [61, 62], [61, 65], [62, 61], [62, 63], [86, 87], [86, 90], [90, 91], [90, 94], [96, 97], [96, 116], [97, 98], [97, 101], [103, 104], [103, 107], [112, 96], [112, 113], [113, 112], [113, 114], [128, 129], [128, 132], [132, 133], [132, 136], [141, 142], [141, 145], [142, 141], [142, 143], [157, 158], [157, 161], [161, 162], [161, 166], [183, 184], [183, 187], [187, 188], [187, 191], [193, 194], [193, 196], [211, 212], [211, 216], [217, 218], [217, 222], [222, 223], [222, 227], [227, 228], [227, 240], [245, 246], [245, 250], [250, 251], [250, 255], [255, 256], [255, 259], [269, 270], [269, 274], [281, 283], [281, 289], [286, 287], [286, 289], [310, 311], [310, 314], [318, 319], [318, 322], [2299, 2301], [2299, 2303], [2304, 2305], [2304, 2309], [2311, 2312], [2311, 2353], [2317, 2318], [2317, 2337], [2325, 2326], [2325, 2330], [2330, 2331], [2330, 2334], [2334, 2335], [2334, 2374], [2344, 2345], [2344, 2374], [2346, 2347], [2346, 2348], [2348, 2349], [2348, 2374], [2353, 2354], [2353, 2366], [2357, 2358], [2357, 2363], [2360, 2361], [2360, 2374]]}}}, "src/config.py": {"executed_lines": [1, 9, 16, 19, 58, 71, 81, 82, 85, 86, 87, 92, 93, 99, 109, 110, 113, 116, 117, 140, 145, 149, 150, 151, 152, 154], "summary": {"covered_lines": 25, "num_statements": 59, "percent_covered": 33.333333333333336, "percent_covered_display": "33.33", "missing_lines": 34, "excluded_lines": 0, "num_branches": 22, "num_partial_branches": 2, "covered_branches": 2, "missing_branches": 20}, "missing_lines": [120, 121, 123, 124, 125, 126, 127, 128, 129, 132, 133, 134, 135, 137, 167, 170, 210, 212, 213, 214, 215, 218, 219, 220, 221, 222, 224, 225, 226, 229, 230, 231, 232, 234], "excluded_lines": [], "executed_branches": [[109, 110], [116, 117]], "missing_branches": [[109, 113], [116, 120], [123, 124], [123, 132], [125, 126], [125, 127], [127, 123], [127, 128], [132, 133], [132, 137], [210, 212], [210, 218], [213, 214], [213, 215], [219, 220], [219, 229], [221, 222], [221, 224], [225, 226], [225, 229]], "functions": {"parse_tool_selection": {"executed_lines": [109, 110, 113, 116, 117], "summary": {"covered_lines": 5, "num_statements": 19, "percent_covered": 22.580645161290324, "percent_covered_display": "22.58", "missing_lines": 14, "excluded_lines": 0, "num_branches": 12, "num_partial_branches": 2, "covered_branches": 2, "missing_branches": 10}, "missing_lines": [120, 121, 123, 124, 125, 126, 127, 128, 129, 132, 133, 134, 135, 137], "excluded_lines": [], "executed_branches": [[109, 110], [116, 117]], "missing_branches": [[109, 113], [116, 120], [123, 124], [123, 132], [125, 126], [125, 127], [127, 123], [127, 128], [132, 133], [132, 137]]}, "format_subprocess_error": {"executed_lines": [], "summary": {"covered_lines": 0, "num_statements": 20, "percent_covered": 0.0, "percent_covered_display": "0.00", "missing_lines": 20, "excluded_lines": 0, "num_branches": 10, "num_partial_branches": 0, "covered_branches": 0, "missing_branches": 10}, "missing_lines": [167, 170, 210, 212, 213, 214, 215, 218, 219, 220, 221, 222, 224, 225, 226, 229, 230, 231, 232, 234], "excluded_lines": [], "executed_branches": [], "missing_branches": [[210, 212], [210, 218], [213, 214], [213, 215], [219, 220], [219, 229], [221, 222], [221, 224], [225, 226], [225, 229]]}, "": {"executed_lines": [1, 9, 16, 19, 58, 71, 81, 82, 85, 86, 87, 92, 93, 99, 140, 145, 149, 150, 151, 152, 154], "summary": {"covered_lines": 20, "num_statements": 20, "percent_covered": 100.0, "percent_covered_display": "100.00", "missing_lines": 0, "excluded_lines": 0, "num_branches": 0, "num_partial_branches": 0, "covered_branches": 0, "missing_branches": 0}, "missing_lines": [], "excluded_lines": [], "executed_branches": [], "missing_branches": []}}, "classes": {"": {"executed_lines": [1, 9, 16, 19, 58, 71, 81, 82, 85, 86, 87, 92, 93, 99, 109, 110, 113, 116, 117, 140, 145, 149, 150, 151, 152, 154], "summary": {"covered_lines": 25, "num_statements": 59, "percent_covered": 33.333333333333336, "percent_covered_display": "33.33", "missing_lines": 34, "excluded_lines": 0, "num_branches": 22, "num_partial_branches": 2, "covered_branches": 2, "missing_branches": 20}, "missing_lines": [120, 121, 123, 124, 125, 126, 127, 128, 129, 132, 133, 134, 135, 137, 167, 170, 210, 212, 213, 214, 215, 218, 219, 220, 221, 222, 224, 225, 226, 229, 230, 231, 232, 234], "excluded_lines": [], "executed_branches": [[109, 110], [116, 117]], "missing_branches": [[109, 113], [116, 120], [123, 124], [123, 132], [125, 126], [125, 127], [127, 123], [127, 128], [132, 133], [132, 137], [210, 212], [210, 218], [213, 214], [213, 215], [219, 220], [219, 229], [221, 222], [221, 224], [225, 226], [225, 229]]}}}, "src/cross_file_analyzer.py": {"executed_lines": [], "summary": {"covered_lines": 0, "num_statements": 614, "percent_covered": 0.0, "percent_covered_display": "0.00", "missing_lines": 614, "excluded_lines": 8, "num_branches": 372, "num_partial_branches": 0, "covered_branches": 0, "missing_branches": 372}, "missing_lines": [18, 19, 20, 21, 22, 23, 24, 25, 27, 29, 30, 32, 33, 34, 35, 36, 38, 39, 41, 42, 43, 44, 45, 46, 47, 48, 50, 53, 54, 55, 56, 57, 58, 59, 61, 72, 75, 76, 79, 80, 83, 86, 89, 91, 103, 104, 106, 117, 118, 119, 121, 124, 125, 127, 128, 129, 131, 132, 135, 136, 138, 139, 140, 149, 150, 152, 154, 156, 164, 165, 167, 177, 179, 182, 183, 184, 185, 188, 193, 194, 196, 206, 207, 208, 210, 220, 221, 222, 223, 226, 227, 228, 231, 232, 233, 234, 236, 237, 238, 239, 241, 242, 243, 246, 247, 248, 250, 252, 254, 258, 260, 261, 264, 266, 268, 270, 271, 272, 283, 284, 285, 286, 287, 288, 289, 290, 291, 292, 293, 294, 295, 296, 297, 298, 299, 300, 302, 304, 305, 306, 308, 310, 312, 313, 315, 317, 318, 319, 320, 321, 322, 325, 326, 327, 330, 331, 332, 337, 338, 339, 345, 346, 348, 350, 352, 354, 356, 358, 363, 364, 365, 366, 367, 370, 375, 376, 377, 378, 381, 384, 391, 392, 393, 396, 399, 405, 406, 407, 410, 413, 419, 420, 421, 424, 426, 428, 430, 432, 434, 436, 437, 438, 439, 442, 443, 446, 447, 451, 453, 455, 457, 459, 461, 462, 463, 466, 467, 470, 471, 475, 477, 479, 481, 483, 485, 486, 489, 490, 494, 496, 498, 500, 502, 504, 508, 509, 510, 511, 512, 515, 521, 522, 523, 524, 527, 534, 535, 536, 539, 542, 549, 550, 551, 554, 557, 562, 563, 564, 567, 569, 571, 573, 575, 577, 579, 583, 584, 585, 586, 587, 590, 595, 596, 597, 598, 601, 608, 609, 610, 613, 616, 623, 624, 625, 628, 631, 637, 638, 639, 642, 644, 646, 648, 650, 652, 654, 659, 660, 661, 662, 663, 666, 671, 672, 673, 674, 677, 684, 685, 686, 689, 692, 699, 700, 701, 704, 707, 713, 714, 715, 718, 720, 722, 724, 726, 728, 730, 731, 732, 733, 736, 741, 742, 743, 744, 747, 753, 754, 755, 758, 761, 767, 768, 769, 772, 774, 776, 778, 779, 780, 782, 784, 785, 786, 788, 790, 793, 794, 795, 798, 799, 800, 803, 805, 806, 807, 808, 811, 812, 813, 814, 817, 818, 819, 821, 823, 825, 827, 828, 831, 832, 834, 837, 838, 839, 840, 841, 843, 845, 846, 848, 849, 850, 851, 853, 855, 857, 858, 860, 861, 862, 863, 865, 866, 868, 870, 871, 873, 875, 876, 878, 880, 881, 883, 884, 887, 888, 891, 892, 894, 895, 898, 899, 900, 901, 902, 903, 905, 907, 909, 920, 922, 923, 924, 925, 927, 929, 931, 932, 934, 936, 939, 941, 942, 943, 945, 946, 947, 948, 950, 952, 954, 955, 957, 964, 966, 968, 975, 977, 979, 980, 981, 982, 1008, 1009, 1010, 1012, 1014, 1017, 1018, 1019, 1020, 1023, 1024, 1025, 1026, 1027, 1028, 1029, 1030, 1031, 1032, 1033, 1034, 1037, 1038, 1039, 1040, 1041, 1042, 1043, 1044, 1045, 1046, 1049, 1050, 1051, 1052, 1053, 1054, 1055, 1056, 1057, 1058, 1059, 1060, 1063, 1064, 1065, 1066, 1067, 1068, 1069, 1070, 1071, 1072, 1075, 1076, 1077, 1078, 1079, 1080, 1081, 1082, 1085, 1086, 1087, 1088, 1089, 1090, 1093, 1094, 1095, 1096, 1097, 1098, 1101, 1102, 1103, 1104, 1105, 1106, 1107, 1108, 1110, 1112, 1114, 1115, 1116, 1118, 1121, 1123, 1124, 1125, 1126, 1127, 1129, 1131, 1132, 1136, 1138, 1140, 1141, 1142, 1143, 1145, 1147, 1149, 1151, 1152, 1153, 1154, 1155, 1156, 1158, 1162, 1164, 1175, 1177, 1178, 1179, 1185, 1186, 1187, 1189, 1202, 1203, 1204, 1206, 1207, 1208, 1209, 1210, 1211, 1213, 1225, 1226, 1227, 1229, 1230, 1231, 1237, 1238, 1239, 1241, 1253, 1254, 1255, 1257, 1258, 1259, 1260, 1261, 1262], "excluded_lines": [1265, 1266, 1267, 1268, 1269, 1270, 1271, 1272], "executed_branches": [], "missing_branches": [[79, 80], [79, 83], [118, 119], [118, 121], [128, 129], [128, 131], [138, 139], [138, 149], [139, 138], [139, 140], [149, 150], [149, 152], [182, 183], [182, 188], [183, 182], [183, 184], [220, 221], [220, 226], [226, 227], [226, 231], [231, 232], [231, 236], [236, 237], [236, 241], [241, 242], [241, 246], [247, 248], [247, 250], [260, 261], [260, 266], [261, 260], [261, 264], [283, 284], [283, 285], [285, 286], [285, 287], [287, 288], [287, 289], [289, 290], [289, 291], [291, 292], [291, 293], [293, 294], [293, 295], [295, 296], [295, 297], [297, 298], [297, 299], [299, 300], [299, 302], [315, 317], [315, 348], [317, 318], [317, 320], [318, 315], [318, 319], [320, 321], [320, 325], [321, 315], [321, 322], [325, 326], [325, 337], [330, 315], [330, 331], [331, 330], [331, 332], [337, 315], [337, 338], [338, 315], [338, 339], [356, 358], [356, 426], [363, 364], [363, 370], [365, 363], [365, 366], [375, 376], [375, 384], [377, 375], [377, 378], [391, 392], [391, 399], [392, 391], [392, 393], [405, 406], [405, 413], [406, 405], [406, 407], [419, 356], [419, 420], [420, 419], [420, 421], [434, 436], [434, 451], [436, 437], [436, 442], [438, 439], [438, 442], [442, 443], [442, 446], [446, 434], [446, 447], [459, 461], [459, 475], [461, 462], [461, 466], [466, 467], [466, 470], [470, 459], [470, 471], [483, 485], [483, 494], [485, 486], [485, 489], [489, 483], [489, 490], [502, 504], [502, 569], [508, 509], [508, 515], [510, 508], [510, 511], [521, 522], [521, 527], [522, 521], [522, 523], [534, 535], [534, 542], [535, 534], [535, 536], [549, 550], [549, 557], [550, 549], [550, 551], [562, 502], [562, 563], [563, 562], [563, 564], [577, 579], [577, 644], [583, 584], [583, 590], [585, 583], [585, 586], [595, 596], [595, 601], [596, 595], [596, 597], [608, 609], [608, 616], [609, 608], [609, 610], [623, 624], [623, 631], [624, 623], [624, 625], [637, 577], [637, 638], [638, 637], [638, 639], [652, 654], [652, 720], [659, 660], [659, 666], [661, 659], [661, 662], [671, 672], [671, 677], [672, 671], [672, 673], [684, 685], [684, 692], [685, 684], [685, 686], [699, 700], [699, 707], [700, 699], [700, 701], [713, 652], [713, 714], [714, 713], [714, 715], [728, 730], [728, 774], [730, 731], [730, 736], [732, 733], [732, 736], [741, 742], [741, 747], [742, 741], [742, 743], [753, 754], [753, 761], [754, 753], [754, 755], [767, 728], [767, 768], [768, 767], [768, 769], [778, -776], [778, 779], [782, 778], [782, 784], [785, 782], [785, 786], [793, 794], [793, 803], [798, 799], [798, 803], [799, 798], [799, 800], [803, 805], [803, 817], [806, 807], [806, 811], [807, 806], [807, 808], [812, 813], [812, 817], [813, 812], [813, 814], [817, 818], [817, 821], [818, 817], [818, 819], [825, -823], [825, 827], [827, 828], [827, 831], [831, 825], [831, 832], [837, -834], [837, 838], [838, 837], [838, 839], [839, 840], [839, 841], [848, 849], [848, 853], [850, 848], [850, 851], [861, 862], [861, 865], [865, 866], [865, 868], [870, 871], [870, 873], [880, 881], [880, 883], [894, 895], [894, 898], [898, 899], [898, 907], [900, 901], [900, 902], [902, 903], [902, 905], [922, 923], [922, 924], [924, 925], [924, 927], [931, 932], [931, 934], [941, 942], [941, 945], [942, 941], [942, 943], [945, 946], [945, 947], [947, 948], [947, 950], [980, 981], [980, 1010], [1008, 980], [1008, 1009], [1017, 1018], [1017, 1110], [1019, 1017], [1019, 1020], [1023, 1024], [1023, 1025], [1025, 1026], [1025, 1027], [1027, 1028], [1027, 1029], [1029, 1030], [1029, 1031], [1031, 1032], [1031, 1033], [1033, 1034], [1033, 1037], [1037, 1038], [1037, 1039], [1039, 1040], [1039, 1041], [1041, 1042], [1041, 1043], [1043, 1044], [1043, 1045], [1045, 1046], [1045, 1049], [1049, 1050], [1049, 1051], [1051, 1052], [1051, 1053], [1053, 1054], [1053, 1055], [1055, 1056], [1055, 1057], [1057, 1058], [1057, 1059], [1059, 1060], [1059, 1063], [1063, 1064], [1063, 1065], [1065, 1066], [1065, 1067], [1067, 1068], [1067, 1069], [1069, 1070], [1069, 1071], [1071, 1072], [1071, 1075], [1075, 1076], [1075, 1077], [1077, 1078], [1077, 1079], [1079, 1080], [1079, 1081], [1081, 1082], [1081, 1085], [1085, 1086], [1085, 1087], [1087, 1088], [1087, 1089], [1089, 1090], [1089, 1093], [1093, 1094], [1093, 1095], [1095, 1096], [1095, 1097], [1097, 1098], [1097, 1101], [1101, 1102], [1101, 1103], [1103, 1104], [1103, 1105], [1105, 1106], [1105, 1107], [1107, 1019], [1107, 1108], [1123, 1124], [1123, 1125], [1125, 1126], [1125, 1127], [1140, 1141], [1140, 1142], [1142, 1143], [1142, 1145], [1151, 1152], [1151, 1153], [1153, 1154], [1153, 1155], [1155, 1156], [1155, 1158], [1202, 1203], [1202, 1206], [1225, 1226], [1225, 1229], [1253, 1254], [1253, 1257]], "functions": {"CrossFileAnalyzer.__init__": {"executed_lines": [], "summary": {"covered_lines": 0, "num_statements": 6, "percent_covered": 0.0, "percent_covered_display": "0.00", "missing_lines": 6, "excluded_lines": 0, "num_branches": 0, "num_partial_branches": 0, "covered_branches": 0, "missing_branches": 0}, "missing_lines": [54, 55, 56, 57, 58, 59], "excluded_lines": [], "executed_branches": [], "missing_branches": []}, "CrossFileAnalyzer.analyze_repository_structure": {"executed_lines": [], "summary": {"covered_lines": 0, "num_statements": 11, "percent_covered": 0.0, "percent_covered_display": "0.00", "missing_lines": 11, "excluded_lines": 0, "num_branches": 2, "num_partial_branches": 0, "covered_branches": 0, "missing_branches": 2}, "missing_lines": [72, 75, 76, 79, 80, 83, 86, 89, 91, 103, 104], "excluded_lines": [], "executed_branches": [], "missing_branches": [[79, 80], [79, 83]]}, "CrossFileAnalyzer.trace_data_flow": {"executed_lines": [], "summary": {"covered_lines": 0, "num_statements": 11, "percent_covered": 0.0, "percent_covered_display": "0.00", "missing_lines": 11, "excluded_lines": 0, "num_branches": 2, "num_partial_branches": 0, "covered_branches": 0, "missing_branches": 2}, "missing_lines": [117, 118, 119, 121, 124, 125, 127, 154, 156, 164, 165], "excluded_lines": [], "executed_branches": [], "missing_branches": [[118, 119], [118, 121]]}, "CrossFileAnalyzer.trace_data_flow.dfs_trace": {"executed_lines": [], "summary": {"covered_lines": 0, "num_statements": 12, "percent_covered": 0.0, "percent_covered_display": "0.00", "missing_lines": 12, "excluded_lines": 0, "num_branches": 8, "num_partial_branches": 0, "covered_branches": 0, "missing_branches": 8}, "missing_lines": [128, 129, 131, 132, 135, 136, 138, 139, 140, 149, 150, 152], "excluded_lines": [], "executed_branches": [], "missing_branches": [[128, 129], [128, 131], [138, 139], [138, 149], [139, 138], [139, 140], [149, 150], [149, 152]]}, "CrossFileAnalyzer.find_attack_chains": {"executed_lines": [], "summary": {"covered_lines": 0, "num_statements": 9, "percent_covered": 0.0, "percent_covered_display": "0.00", "missing_lines": 9, "excluded_lines": 0, "num_branches": 4, "num_partial_branches": 0, "covered_branches": 0, "missing_branches": 4}, "missing_lines": [177, 179, 182, 183, 184, 185, 188, 193, 194], "excluded_lines": [], "executed_branches": [], "missing_branches": [[182, 183], [182, 188], [183, 182], [183, 184]]}, "CrossFileAnalyzer.assess_business_impact": {"executed_lines": [], "summary": {"covered_lines": 0, "num_statements": 26, "percent_covered": 0.0, "percent_covered_display": "0.00", "missing_lines": 26, "excluded_lines": 0, "num_branches": 12, "num_partial_branches": 0, "covered_branches": 0, "missing_branches": 12}, "missing_lines": [206, 207, 208, 210, 220, 221, 222, 223, 226, 227, 228, 231, 232, 233, 234, 236, 237, 238, 239, 241, 242, 243, 246, 247, 248, 250], "excluded_lines": [], "executed_branches": [], "missing_branches": [[220, 221], [220, 226], [226, 227], [226, 231], [231, 232], [231, 236], [236, 237], [236, 241], [241, 242], [241, 246], [247, 248], [247, 250]]}, "CrossFileAnalyzer._discover_source_files": {"executed_lines": [], "summary": {"covered_lines": 0, "num_statements": 6, "percent_covered": 0.0, "percent_covered_display": "0.00", "missing_lines": 6, "excluded_lines": 0, "num_branches": 4, "num_partial_branches": 0, "covered_branches": 0, "missing_branches": 4}, "missing_lines": [254, 258, 260, 261, 264, 266], "excluded_lines": [], "executed_branches": [], "missing_branches": [[260, 261], [260, 266], [261, 260], [261, 264]]}, "CrossFileAnalyzer._analyze_single_file": {"executed_lines": [], "summary": {"covered_lines": 0, "num_statements": 25, "percent_covered": 0.0, "percent_covered_display": "0.00", "missing_lines": 25, "excluded_lines": 0, "num_branches": 18, "num_partial_branches": 0, "covered_branches": 0, "missing_branches": 18}, "missing_lines": [270, 271, 272, 283, 284, 285, 286, 287, 288, 289, 290, 291, 292, 293, 294, 295, 296, 297, 298, 299, 300, 302, 304, 305, 306], "excluded_lines": [], "executed_branches": [], "missing_branches": [[283, 284], [283, 285], [285, 286], [285, 287], [287, 288], [287, 289], [289, 290], [289, 291], [291, 292], [291, 293], [293, 294], [293, 295], [295, 296], [295, 297], [297, 298], [297, 299], [299, 300], [299, 302]]}, "CrossFileAnalyzer._analyze_python_file": {"executed_lines": [], "summary": {"covered_lines": 0, "num_statements": 22, "percent_covered": 0.0, "percent_covered_display": "0.00", "missing_lines": 22, "excluded_lines": 0, "num_branches": 20, "num_partial_branches": 0, "covered_branches": 0, "missing_branches": 20}, "missing_lines": [310, 312, 313, 315, 317, 318, 319, 320, 321, 322, 325, 326, 327, 330, 331, 332, 337, 338, 339, 345, 346, 348], "excluded_lines": [], "executed_branches": [], "missing_branches": [[315, 317], [315, 348], [317, 318], [317, 320], [318, 315], [318, 319], [320, 321], [320, 325], [321, 315], [321, 322], [325, 326], [325, 337], [330, 315], [330, 331], [331, 330], [331, 332], [337, 315], [337, 338], [338, 315], [338, 339]]}, "CrossFileAnalyzer._analyze_javascript_file": {"executed_lines": [], "summary": {"covered_lines": 0, "num_statements": 31, "percent_covered": 0.0, "percent_covered_display": "0.00", "missing_lines": 31, "excluded_lines": 0, "num_branches": 22, "num_partial_branches": 0, "covered_branches": 0, "missing_branches": 22}, "missing_lines": [352, 354, 356, 358, 363, 364, 365, 366, 367, 370, 375, 376, 377, 378, 381, 384, 391, 392, 393, 396, 399, 405, 406, 407, 410, 413, 419, 420, 421, 424, 426], "excluded_lines": [], "executed_branches": [], "missing_branches": [[356, 358], [356, 426], [363, 364], [363, 370], [365, 363], [365, 366], [375, 376], [375, 384], [377, 375], [377, 378], [391, 392], [391, 399], [392, 391], [392, 393], [405, 406], [405, 413], [406, 405], [406, 407], [419, 356], [419, 420], [420, 419], [420, 421]]}, "CrossFileAnalyzer._analyze_java_file": {"executed_lines": [], "summary": {"covered_lines": 0, "num_statements": 12, "percent_covered": 0.0, "percent_covered_displ
[...]
lines": 0, "num_statements": 13, "percent_covered": 0.0, "percent_covered_display": "0.00", "missing_lines": 13, "excluded_lines": 0, "num_branches": 2, "num_partial_branches": 0, "covered_branches": 0, "missing_branches": 2}, "missing_lines": [453, 456, 472, 473, 474, 475, 476, 477, 478, 480, 483, 486, 488], "excluded_lines": [], "executed_branches": [], "missing_branches": [[472, 473], [472, 480]]}, "main": {"executed_lines": [], "summary": {"covered_lines": 0, "num_statements": 0, "percent_covered": 100.0, "percent_covered_display": "100.00", "missing_lines": 0, "excluded_lines": 8, "num_branches": 0, "num_partial_branches": 0, "covered_branches": 0, "missing_branches": 0}, "missing_lines": [], "excluded_lines": [496, 497, 498, 499, 500, 501, 502, 503], "executed_branches": [], "missing_branches": []}, "": {"executed_lines": [], "summary": {"covered_lines": 0, "num_statements": 38, "percent_covered": 0.0, "percent_covered_display": "0.00", "missing_lines": 38, "excluded_lines": 9, "num_branches": 0, "num_partial_branches": 0, "covered_branches": 0, "missing_branches": 0}, "missing_lines": [9, 10, 11, 12, 13, 14, 15, 16, 18, 20, 23, 37, 72, 75, 80, 94, 114, 152, 205, 215, 218, 224, 235, 255, 261, 297, 308, 311, 314, 335, 357, 381, 384, 388, 394, 404, 427, 443], "excluded_lines": [27, 28, 32, 33, 490, 492, 494, 495, 505], "executed_branches": [], "missing_branches": []}}, "classes": {"SecurityToolIngester": {"executed_lines": [], "summary": {"covered_lines": 0, "num_statements": 12, "percent_covered": 0.0, "percent_covered_display": "0.00", "missing_lines": 12, "excluded_lines": 4, "num_branches": 0, "num_partial_branches": 0, "covered_branches": 0, "missing_branches": 0}, "missing_lines": [24, 25, 39, 40, 43, 46, 49, 60, 61, 63, 64, 65], "excluded_lines": [29, 30, 34, 35], "executed_branches": [], "missing_branches": []}, "SnykIngester": {"executed_lines": [], "summary": {"covered_lines": 0, "num_statements": 60, "percent_covered": 0.0, "percent_covered_display": "0.00", "missing_lines": 60, "excluded_lines": 0, "num_branches": 22, "num_partial_branches": 0, "covered_branches": 0, "missing_branches": 22}, "missing_lines": [76, 77, 78, 84, 86, 88, 89, 92, 96, 97, 98, 101, 102, 103, 104, 105, 106, 108, 110, 111, 112, 116, 121, 123, 124, 126, 127, 128, 129, 130, 133, 134, 135, 136, 138, 139, 140, 141, 142, 143, 144, 146, 148, 149, 150, 154, 156, 157, 159, 183, 184, 186, 187, 189, 191, 192, 194, 203, 207, 213], "excluded_lines": [], "executed_branches": [], "missing_branches": [[84, 86], [84, 88], [88, 89], [88, 92], [101, 102], [101, 103], [103, 104], [103, 105], [105, 106], [105, 108], [124, 126], [124, 133], [138, 139], [138, 146], [142, 138], [142, 143], [156, 157], [156, 203], [183, 184], [183, 186], [186, 187], [186, 189]]}, "VeracodeIngester": {"executed_lines": [], "summary": {"covered_lines": 0, "num_statements": 35, "percent_covered": 0.0, "percent_covered_display": "0.00", "missing_lines": 35, "excluded_lines": 0, "num_branches": 12, "num_partial_branches": 0, "covered_branches": 0, "missing_branches": 12}, "missing_lines": [219, 220, 221, 222, 227, 228, 230, 231, 233, 237, 238, 239, 242, 243, 244, 245, 246, 247, 249, 251, 252, 253, 258, 259, 263, 265, 266, 267, 282, 284, 285, 286, 295, 299, 306], "excluded_lines": [], "executed_branches": [], "missing_branches": [[227, 228], [227, 230], [230, 231], [230, 233], [242, 243], [242, 244], [244, 245], [244, 246], [246, 247], [246, 249], [265, 266], [265, 295]]}, "GenericIngester": {"executed_lines": [], "summary": {"covered_lines": 0, "num_statements": 39, "percent_covered": 0.0, "percent_covered_display": "0.00", "missing_lines": 39, "excluded_lines": 0, "num_branches": 26, "num_partial_branches": 0, "covered_branches": 0, "missing_branches": 26}, "missing_lines": [312, 316, 317, 318, 320, 321, 322, 323, 324, 325, 326, 327, 329, 331, 332, 333, 337, 339, 341, 353, 355, 359, 360, 361, 362, 363, 364, 365, 367, 369, 370, 371, 372, 373, 374, 375, 376, 377, 379], "excluded_lines": [], "executed_branches": [], "missing_branches": [[320, 321], [320, 322], [322, 323], [322, 324], [324, 325], [324, 326], [326, 327], [326, 329], [339, 341], [339, 355], [359, 360], [359, 369], [360, 361], [360, 362], [362, 363], [362, 364], [364, 365], [364, 367], [370, 371], [370, 372], [372, 373], [372, 374], [374, 375], [374, 376], [376, 377], [376, 379]]}, "ToolIngestionManager": {"executed_lines": [], "summary": {"covered_lines": 0, "num_statements": 29, "percent_covered": 0.0, "percent_covered_display": "0.00", "missing_lines": 29, "excluded_lines": 0, "num_branches": 10, "num_partial_branches": 0, "covered_branches": 0, "missing_branches": 10}, "missing_lines": [385, 386, 390, 391, 396, 398, 400, 402, 406, 408, 409, 410, 411, 413, 414, 415, 416, 417, 418, 425, 429, 430, 432, 433, 434, 435, 437, 438, 440], "excluded_lines": [], "executed_branches": [], "missing_branches": [[396, 398], [396, 400], [408, 409], [408, 425], [410, 411], [410, 413], [432, -427], [432, 433], [433, 432], [433, 434]]}, "": {"executed_lines": [], "summary": {"covered_lines": 0, "num_statements": 51, "percent_covered": 0.0, "percent_covered_display": "0.00", "missing_lines": 51, "excluded_lines": 17, "num_branches": 2, "num_partial_branches": 0, "covered_branches": 0, "missing_branches": 2}, "missing_lines": [9, 10, 11, 12, 13, 14, 15, 16, 18, 20, 23, 37, 72, 75, 80, 94, 114, 152, 205, 215, 218, 224, 235, 255, 261, 297, 308, 311, 314, 335, 357, 381, 384, 388, 394, 404, 427, 443, 453, 456, 472, 473, 474, 475, 476, 477, 478, 480, 483, 486, 488], "excluded_lines": [27, 28, 32, 33, 490, 492, 494, 495, 496, 497, 498, 499, 500, 501, 502, 503, 505], "executed_branches": [], "missing_branches": [[472, 473], [472, 480]]}}}, "src/web_app.py": {"executed_lines": [], "summary": {"covered_lines": 0, "num_statements": 324, "percent_covered": 0.0, "percent_covered_display": "0.00", "missing_lines": 324, "excluded_lines": 27, "num_branches": 88, "num_partial_branches": 0, "covered_branches": 0, "missing_branches": 88}, "missing_lines": [15, 16, 17, 18, 19, 20, 21, 22, 23, 24, 25, 28, 31, 38, 41, 44, 47, 48, 51, 52, 55, 56, 58, 61, 62, 63, 65, 66, 68, 74, 75, 77, 78, 80, 86, 87, 88, 89, 91, 92, 104, 106, 107, 108, 110, 111, 112, 113, 116, 117, 120, 123, 124, 127, 128, 129, 130, 133, 134, 135, 137, 138, 139, 140, 141, 143, 145, 148, 151, 154, 157, 158, 162, 165, 166, 169, 172, 173, 174, 175, 176, 177, 178, 179, 180, 181, 182, 183, 186, 187, 189, 190, 192, 203, 211, 212, 213, 219, 231, 234, 235, 236, 237, 238, 239, 240, 241, 242, 243, 244, 245, 246, 248, 249, 252, 253, 254, 255, 256, 257, 258, 259, 260, 261, 262, 266, 267, 269, 272, 273, 274, 275, 276, 277, 278, 280, 281, 282, 283, 284, 287, 288, 289, 290, 293, 308, 309, 311, 312, 316, 317, 318, 319, 321, 322, 323, 324, 326, 327, 328, 329, 331, 332, 333, 335, 336, 338, 341, 342, 344, 345, 346, 348, 349, 350, 351, 352, 354, 355, 356, 358, 359, 361, 364, 365, 368, 373, 374, 376, 378, 379, 380, 381, 383, 385, 386, 388, 389, 390, 391, 392, 394, 395, 396, 398, 399, 400, 402, 403, 406, 407, 408, 409, 410, 413, 414, 415, 416, 417, 418, 422, 425, 427, 429, 430, 432, 433, 436, 438, 439, 440, 441, 442, 443, 444, 445, 446, 447, 449, 451, 452, 453, 454, 455, 458, 459, 460, 461, 463, 469, 470, 471, 473, 474, 481, 482, 483, 484, 485, 487, 492, 493, 495, 497, 499, 501, 502, 504, 505, 506, 507, 508, 509, 510, 511, 512, 514, 519, 520, 521, 523, 524, 531, 532, 533, 534, 535, 537, 541, 542, 543, 545, 546, 548, 549, 552, 553, 562, 563, 564, 566, 567, 568, 575, 576, 578, 579, 581, 582, 584, 587, 588, 590, 592, 594, 595, 598, 600, 602, 603, 604, 606, 607, 608], "excluded_lines": [610, 611, 614, 617, 619, 620, 621, 622, 623, 624, 625, 626, 627, 628, 629, 630, 631, 632, 633, 634, 635, 636, 637, 638, 639, 640, 643], "executed_branches": [], "missing_branches": [[61, 62], [61, 63], [107, 108], [107, 110], [123, 124], [123, 127], [175, 176], [175, 186], [187, 189], [187, 248], [212, 213], [212, 219], [240, 241], [240, 252], [242, 243], [242, 252], [252, 253], [252, 266], [267, 269], [267, 293], [277, 278], [277, 280], [287, 288], [287, 289], [289, 290], [289, 293], [308, 309], [308, 311], [316, 317], [316, 318], [318, 319], [318, 321], [321, 322], [321, 323], [323, 324], [323, 326], [326, 327], [326, 328], [341, 342], [341, 344], [345, 346], [345, 348], [364, 365], [364, 368], [373, 374], [373, 376], [378, 379], [378, 380], [380, 381], [380, 383], [385, 386], [385, 388], [425, 427], [425, 469], [432, 433], [432, 436], [439, 440], [439, 449], [458, 459], [458, 463], [481, 482], [481, 487], [497, 499], [497, 519], [504, 505], [504, 509], [509, 510], [509, 514], [531, 532], [531, 537], [562, 563], [562, 598], [563, 564], [563, 594], [566, 567], [566, 594], [567, 566], [567, 568], [575, 576], [575, 578], [578, 579], [578, 581], [581, 582], [581, 584], [587, 566], [587, 588], [594, 562], [594, 595]], "functions": {"init_web_config": {"executed_lines": [], "summary": {"covered_lines": 0, "num_statements": 3, "percent_covered": 0.0, "percent_covered_display": "0.00", "missing_lines": 3, "excluded_lines": 0, "num_branches": 2, "num_partial_branches": 0, "covered_branches": 0, "missing_branches": 2}, "missing_lines": [61, 62, 63], "excluded_lines": [], "executed_branches": [], "missing_branches": [[61, 62], [61, 63]]}, "health_check": {"executed_lines": [], "summary": {"covered_lines": 0, "num_statements": 1, "percent_covered": 0.0, "percent_covered_display": "0.00", "missing_lines": 1, "excluded_lines": 0, "num_branches": 0, "num_partial_branches": 0, "covered_branches": 0, "missing_branches": 0}, "missing_lines": [68], "excluded_lines": [], "executed_branches": [], "missing_branches": []}, "get_config": {"executed_lines": [], "summary": {"covered_lines": 0, "num_statements": 7, "percent_covered": 0.0, "percent_covered_display": "0.00", "missing_lines": 7, "excluded_lines": 0, "num_branches": 0, "num_partial_branches": 0, "covered_branches": 0, "missing_branches": 0}, "missing_lines": [77, 78, 80, 86, 87, 88, 89], "excluded_lines": [], "executed_branches": [], "missing_branches": []}, "scan_repository": {"executed_lines": [], "summary": {"covered_lines": 0, "num_statements": 124, "percent_covered": 0.0, "percent_covered_display": "0.00", "missing_lines": 124, "excluded_lines": 0, "num_branches": 36, "num_partial_branches": 0, "covered_branches": 0, "missing_branches": 36}, "missing_lines": [104, 106, 107, 108, 110, 111, 112, 113, 116, 117, 120, 123, 124, 127, 128, 129, 130, 133, 134, 135, 137, 138, 139, 140, 141, 143, 145, 148, 151, 154, 157, 158, 162, 165, 166, 169, 172, 173, 174, 175, 176, 177, 178, 179, 180, 181, 182, 183, 186, 187, 189, 190, 192, 203, 211, 212, 213, 219, 231, 234, 235, 236, 237, 238, 239, 240, 241, 242, 243, 244, 245, 246, 248, 249, 252, 253, 254, 255, 256, 257, 258, 259, 260, 261, 262, 266, 267, 269, 272, 273, 274, 275, 276, 277, 278, 280, 281, 282, 283, 284, 287, 288, 289, 290, 293, 308, 309, 311, 312, 316, 317, 318, 319, 321, 322, 323, 324, 326, 327, 328, 329, 331, 332, 333], "excluded_lines": [], "executed_branches": [], "missing_branches": [[107, 108], [107, 110], [123, 124], [123, 127], [175, 176], [175, 186], [187, 189], [187, 248], [212, 213], [212, 219], [240, 241], [240, 252], [242, 243], [242, 252], [252, 253], [252, 266], [267, 269], [267, 293], [277, 278], [277, 280], [287, 288], [287, 289], [289, 290], [289, 293], [308, 309], [308, 311], [316, 317], [316, 318], [318, 319], [318, 321], [321, 322], [321, 323], [323, 324], [323, 326], [326, 327], [326, 328]]}, "get_html_report": {"executed_lines": [], "summary": {"covered_lines": 0, "num_statements": 14, "percent_covered": 0.0, "percent_covered_display": "0.00", "missing_lines": 14, "excluded_lines": 0, "num_branches": 4, "num_partial_branches": 0, "covered_branches": 0, "missing_branches": 4}, "missing_lines": [338, 341, 342, 344, 345, 346, 348, 349, 350, 351, 352, 354, 355, 356], "excluded_lines": [], "executed_branches": [], "missing_branches": [[341, 342], [341, 344], [345, 346], [345, 348]]}, "get_report_file": {"executed_lines": [], "summary": {"covered_lines": 0, "num_statements": 22, "percent_covered": 0.0, "percent_covered_display": "0.00", "missing_lines": 22, "excluded_lines": 0, "num_branches": 10, "num_partial_branches": 0, "covered_branches": 0, "missing_branches": 10}, "missing_lines": [361, 364, 365, 368, 373, 374, 376, 378, 379, 380, 381, 383, 385, 386, 388, 389, 390, 391, 392, 394, 395, 396], "excluded_lines": [], "executed_branches": [], "missing_branches": [[364, 365], [364, 368], [373, 374], [373, 376], [378, 379], [378, 380], [380, 381], [380, 383], [385, 386], [385, 388]]}, "not_found": {"executed_lines": [], "summary": {"covered_lines": 0, "num_statements": 1, "percent_covered": 0.0, "percent_covered_display": "0.00", "missing_lines": 1, "excluded_lines": 0, "num_branches": 0, "num_partial_branches": 0, "covered_branches": 0, "missing_branches": 0}, "missing_lines": [400], "excluded_lines": [], "executed_branches": [], "missing_branches": []}, "index": {"executed_lines": [], "summary": {"covered_lines": 0, "num_statements": 11, "percent_covered": 0.0, "percent_covered_display": "0.00", "missing_lines": 11, "excluded_lines": 0, "num_branches": 0, "num_partial_branches": 0, "covered_branches": 0, "missing_branches": 0}, "missing_lines": [406, 407, 408, 409, 410, 413, 414, 415, 416, 417, 418], "excluded_lines": [], "executed_branches": [], "missing_branches": []}, "get_current_directory_info": {"executed_lines": [], "summary": {"covered_lines": 0, "num_statements": 39, "percent_covered": 0.0, "percent_covered_display": "0.00", "missing_lines": 39, "excluded_lines": 0, "num_branches": 10, "num_partial_branches": 0, "covered_branches": 0, "missing_branches": 10}, "missing_lines": [425, 427, 429, 430, 432, 433, 436, 438, 439, 440, 441, 442, 443, 444, 445, 446, 447, 449, 451, 452, 453, 454, 455, 458, 459, 460, 461, 463, 469, 470, 471, 473, 474, 481, 482, 483, 484, 485, 487], "excluded_lines": [], "executed_branches": [], "missing_branches": [[425, 427], [425, 469], [432, 433], [432, 436], [439, 440], [439, 449], [458, 459], [458, 463], [481, 482], [481, 487]]}, "get_current_directory": {"executed_lines": [], "summary": {"covered_lines": 0, "num_statements": 29, "percent_covered": 0.0, "percent_covered_display": "0.00", "missing_lines": 29, "excluded_lines": 0, "num_branches": 8, "num_partial_branches": 0, "covered_branches": 0, "missing_branches": 8}, "missing_lines": [495, 497, 499, 501, 502, 504, 505, 506, 507, 508, 509, 510, 511, 512, 514, 519, 520, 521, 523, 524, 531, 532, 533, 534, 535, 537, 541, 542, 543], "excluded_lines": [], "executed_branches": [], "missing_branches": [[497, 499], [497, 519], [504, 505], [504, 509], [509, 510], [509, 514], [531, 532], [531, 537]]}, "discover_repositories": {"executed_lines": [], "summary": {"covered_lines": 0, "num_statements": 28, "percent_covered": 0.0, "percent_covered_display": "0.00", "missing_lines": 28, "excluded_lines": 0, "num_branches": 18, "num_partial_branches": 0, "covered_branches": 0, "missing_branches": 18}, "missing_lines": [548, 549, 552, 553, 562, 563, 564, 566, 567, 568, 575, 576, 578, 579, 581, 582, 584, 587, 588, 590, 592, 594, 595, 598, 600, 602, 603, 604], "excluded_lines": [], "executed_branches": [], "missing_branches": [[562, 563], [562, 598], [563, 564], [563, 594], [566, 567], [566, 594], [567, 566], [567, 568], [575, 576], [575, 578], [578, 579], [578, 581], [581, 582], [581, 584], [587, 566], [587, 588], [594, 562], [594, 595]]}, "internal_error": {"executed_lines": [], "summary": {"covered_lines": 0, "num_statements": 1, "percent_covered": 0.0, "percent_covered_display": "0.00", "missing_lines": 1, "excluded_lines": 0, "num_branches": 0, "num_partial_branches": 0, "covered_branches": 0, "missing_branches": 0}, "missing_lines": [608], "excluded_lines": [], "executed_branches": [], "missing_branches": []}, "": {"executed_lines": [], "summary": {"covered_lines": 0, "num_statements": 44, "percent_covered": 0.0, "percent_covered_display": "0.00", "missing_lines": 44, "excluded_lines": 27, "num_branches": 0, "num_partial_branches": 0, "covered_branches": 0, "missing_branches": 0}, "missing_lines": [15, 16, 17, 18, 19, 20, 21, 22, 23, 24, 25, 28, 31, 38, 41, 44, 47, 48, 51, 52, 55, 56, 58, 65, 66, 74, 75, 91, 92, 335, 336, 358, 359, 398, 399, 402, 403, 422, 492, 493, 545, 546, 606, 607], "excluded_lines": [610, 611, 614, 617, 619, 620, 621, 622, 623, 624, 625, 626, 627, 628, 629, 630, 631, 632, 633, 634, 635, 636, 637, 638, 639, 640, 643], "executed_branches": [], "missing_branches": []}}, "classes": {"": {"executed_lines": [], "summary": {"covered_lines": 0, "num_statements": 324, "percent_covered": 0.0, "percent_covered_display": "0.00", "missing_lines": 324, "excluded_lines": 27, "num_branches": 88, "num_partial_branches": 0, "covered_branches": 0, "missing_branches": 88}, "missing_lines": [15, 16, 17, 18, 19, 20, 21, 22, 23, 24, 25, 28, 31, 38, 41, 44, 47, 48, 51, 52, 55, 56, 58, 61, 62, 63, 65, 66, 68, 74, 75, 77, 78, 80, 86, 87, 88, 89, 91, 92, 104, 106, 107, 108, 110, 111, 112, 113, 116, 117, 120, 123, 124, 127, 128, 129, 130, 133, 134, 135, 137, 138, 139, 140, 141, 143, 145, 148, 151, 154, 157, 158, 162, 165, 166, 169, 172, 173, 174, 175, 176, 177, 178, 179, 180, 181, 182, 183, 186, 187, 189, 190, 192, 203, 211, 212, 213, 219, 231, 234, 235, 236, 237, 238, 239, 240, 241, 242, 243, 244, 245, 246, 248, 249, 252, 253, 254, 255, 256, 257, 258, 259, 260, 261, 262, 266, 267, 269, 272, 273, 274, 275, 276, 277, 278, 280, 281, 282, 283, 284, 287, 288, 289, 290, 293, 308, 309, 311, 312, 316, 317, 318, 319, 321, 322, 323, 324, 326, 327, 328, 329, 331, 332, 333, 335, 336, 338, 341, 342, 344, 345, 346, 348, 349, 350, 351, 352, 354, 355, 356, 358, 359, 361, 364, 365, 368, 373, 374, 376, 378, 379, 380, 381, 383, 385, 386, 388, 389, 390, 391, 392, 394, 395, 396, 398, 399, 400, 402, 403, 406, 407, 408, 409, 410, 413, 414, 415, 416, 417, 418, 422, 425, 427, 429, 430, 432, 433, 436, 438, 439, 440, 441, 442, 443, 444, 445, 446, 447, 449, 451, 452, 453, 454, 455, 458, 459, 460, 461, 463, 469, 470, 471, 473, 474, 481, 482, 483, 484, 485, 487, 492, 493, 495, 497, 499, 501, 502, 504, 505, 506, 507, 508, 509, 510, 511, 512, 514, 519, 520, 521, 523, 524, 531, 532, 533, 534, 535, 537, 541, 542, 543, 545, 546, 548, 549, 552, 553, 562, 563, 564, 566, 567, 568, 575, 576, 578, 579, 581, 582, 584, 587, 588, 590, 592, 594, 595, 598, 600, 602, 603, 604, 606, 607, 608], "excluded_lines": [610, 611, 614, 617, 619, 620, 621, 622, 623, 624, 625, 626, 627, 628, 629, 630, 631, 632, 633, 634, 635, 636, 637, 638, 639, 640, 643], "executed_branches": [], "missing_branches": [[61, 62], [61, 63], [107, 108], [107, 110], [123, 124], [123, 127], [175, 176], [175, 186], [187, 189], [187, 248], [212, 213], [212, 219], [240, 241], [240, 252], [242, 243], [242, 252], [252, 253], [252, 266], [267, 269], [267, 293], [277, 278], [277, 280], [287, 288], [287, 289], [289, 290], [289, 293], [308, 309], [308, 311], [316, 317], [316, 318], [318, 319], [318, 321], [321, 322], [321, 323], [323, 324], [323, 326], [326, 327], [326, 328], [341, 342], [341, 344], [345, 346], [345, 348], [364, 365], [364, 368], [373, 374], [373, 376], [378, 379], [378, 380], [380, 381], [380, 383], [385, 386], [385, 388], [425, 427], [425, 469], [432, 433], [432, 436], [439, 440], [439, 449], [458, 459], [458, 463], [481, 482], [481, 487], [497, 499], [497, 519], [504, 505], [504, 509], [509, 510], [509, 514], [531, 532], [531, 537], [562, 563], [562, 598], [563, 564], [563, 594], [566, 567], [566, 594], [567, 566], [567, 568], [575, 576], [575, 578], [578, 579], [578, 581], [581, 582], [581, 584], [587, 566], [587, 588], [594, 562], [594, 595]]}}}}, "totals": {"covered_lines": 89, "num_statements": 5194, "percent_covered": 1.292743953294412, "percent_covered_display": "1.29", "missing_lines": 5105, "excluded_lines": 144, "num_branches": 2000, "num_partial_branches": 4, "covered_branches": 4, "missing_branches": 1996}}